2026-03-25 21:34:59,488 - MainThread - INFO - <module>:2587 - Starting application
2026-03-25 21:34:59,559 - MainThread - INFO - __init__:1581 - Initializing ScriptRunnerApp
2026-03-25 21:34:59,589 - MainThread - DEBUG - wrapper:46 - Entering create_welcome_tab
2026-03-25 21:34:59,647 - MainThread - DEBUG - wrapper:46 - Entering update_resource_info
2026-03-25 21:34:59,660 - MainThread - DEBUG - wrapper:49 - Exiting update_resource_info successfully
2026-03-25 21:34:59,660 - MainThread - DEBUG - wrapper:49 - Exiting create_welcome_tab successfully
2026-03-25 21:34:59,660 - MainThread - DEBUG - wrapper:46 - Entering load_scripts
2026-03-25 21:34:59,801 - MainThread - DEBUG - wrapper:49 - Exiting load_scripts successfully
2026-03-25 21:34:59,806 - MainThread - INFO - show_debug_info:1619 - 
调试模式已启用
日志文件: /home/maple/study3/merge_ws37/src/merge/shell_monitor/logs/debug_20260325_213459.log
Python版本: 3.8.10 (default, Mar 18 2025, 20:04:55) 
[GCC 9.4.0]
平台: Linux-5.15.0-139-generic-x86_64-with-glibc2.29
进程ID: 6716
线程: MainThread

2026-03-25 21:34:59,848 - MainThread - INFO - <module>:2603 - Starting main loop
2026-03-25 21:35:00,660 - MainThread - DEBUG - wrapper:46 - Entering update_resource_info
2026-03-25 21:35:00,677 - MainThread - DEBUG - wrapper:49 - Exiting update_resource_info successfully
2026-03-25 21:35:01,668 - MainThread - DEBUG - wrapper:46 - Entering open_script_console
2026-03-25 21:35:01,668 - MainThread - INFO - open_script_console:2336 - Opening console for MF
2026-03-25 21:35:01,668 - MainThread - INFO - __init__:75 - Creating console tab for MF
2026-03-25 21:35:01,731 - MainThread - DEBUG - wrapper:49 - Exiting open_script_console successfully
2026-03-25 21:35:01,734 - MainThread - DEBUG - wrapper:46 - Entering update_resource_info
2026-03-25 21:35:01,750 - MainThread - DEBUG - wrapper:49 - Exiting update_resource_info successfully
2026-03-25 21:35:01,769 - MainThread - DEBUG - wrapper:46 - Entering parse_ansi_text
2026-03-25 21:35:01,770 - MainThread - DEBUG - wrapper:49 - Exiting parse_ansi_text successfully
2026-03-25 21:35:01,771 - MainThread - DEBUG - wrapper:46 - Entering parse_ansi_text
2026-03-25 21:35:01,771 - MainThread - DEBUG - wrapper:49 - Exiting parse_ansi_text successfully
2026-03-25 21:35:02,750 - MainThread - DEBUG - wrapper:46 - Entering update_resource_info
2026-03-25 21:35:02,764 - MainThread - DEBUG - wrapper:49 - Exiting update_resource_info successfully
2026-03-25 21:35:03,276 - MainThread - DEBUG - on_terminal_btn_press:327 - Terminal button pressed
2026-03-25 21:35:03,364 - MainThread - DEBUG - on_terminal_btn_release:449 - Terminal button released after 87.71728515625ms
2026-03-25 21:35:03,375 - MainThread - DEBUG - wrapper:46 - Entering run_in_terminal
2026-03-25 21:35:03,376 - MainThread - INFO - run_in_terminal:705 - Opening script in terminal: MF
2026-03-25 21:35:03,383 - MainThread - DEBUG - wrapper:49 - Exiting run_in_terminal successfully
2026-03-25 21:35:03,383 - MainThread - DEBUG - wrapper:46 - Entering parse_ansi_text
2026-03-25 21:35:03,383 - MainThread - DEBUG - wrapper:49 - Exiting parse_ansi_text successfully
2026-03-25 21:35:03,384 - MainThread - DEBUG - wrapper:46 - Entering parse_ansi_text
2026-03-25 21:35:03,384 - MainThread - DEBUG - wrapper:49 - Exiting parse_ansi_text successfully
2026-03-25 21:35:03,588 - MainThread - DEBUG - wrapper:46 - Entering parse_ansi_text
2026-03-25 21:35:03,588 - MainThread - DEBUG - wrapper:49 - Exiting parse_ansi_text successfully
2026-03-25 21:35:03,764 - MainThread - DEBUG - wrapper:46 - Entering update_resource_info
2026-03-25 21:35:03,777 - MainThread - DEBUG - wrapper:49 - Exiting update_resource_info successfully
2026-03-25 21:35:04,777 - MainThread - DEBUG - wrapper:46 - Entering update_resource_info
2026-03-25 21:35:04,792 - MainThread - DEBUG - wrapper:49 - Exiting update_resource_info successfully
2026-03-25 21:35:05,792 - MainThread - DEBUG - wrapper:46 - Entering update_resource_info
2026-03-25 21:35:05,810 - MainThread - DEBUG - wrapper:49 - Exiting update_resource_info successfully
2026-03-25 21:35:06,810 - MainThread - DEBUG - wrapper:46 - Entering update_resource_info
2026-03-25 21:35:06,826 - MainThread - DEBUG - wrapper:49 - Exiting update_resource_info successfully
2026-03-25 21:35:07,826 - MainThread - DEBUG - wrapper:46 - Entering update_resource_info
2026-03-25 21:35:07,846 - MainThread - DEBUG - wrapper:49 - Exiting update_resource_info successfully
2026-03-25 21:35:08,846 - MainThread - DEBUG - wrapper:46 - Entering update_resource_info
2026-03-25 21:35:08,861 - MainThread - DEBUG - wrapper:49 - Exiting update_resource_info successfully
2026-03-25 21:35:09,861 - MainThread - DEBUG - wrapper:46 - Entering update_resource_info
2026-03-25 21:35:09,873 - MainThread - DEBUG - wrapper:49 - Exiting update_resource_info successfully
2026-03-25 21:35:10,873 - MainThread - DEBUG - wrapper:46 - Entering update_resource_info
2026-03-25 21:35:10,888 - MainThread - DEBUG - wrapper:49 - Exiting update_resource_info successfully
2026-03-25 21:35:11,889 - MainThread - DEBUG - wrapper:46 - Entering update_resource_info
2026-03-25 21:35:11,904 - MainThread - DEBUG - wrapper:49 - Exiting update_resource_info successfully
2026-03-25 21:35:12,904 - MainThread - DEBUG - wrapper:46 - Entering update_resource_info
2026-03-25 21:35:12,919 - MainThread - DEBUG - wrapper:49 - Exiting update_resource_info successfully
2026-03-25 21:35:13,919 - MainThread - DEBUG - wrapper:46 - Entering update_resource_info
2026-03-25 21:35:13,939 - MainThread - DEBUG - wrapper:49 - Exiting update_resource_info successfully
2026-03-25 21:35:14,939 - MainThread - DEBUG - wrapper:46 - Entering update_resource_info
2026-03-25 21:35:14,956 - MainThread - DEBUG - wrapper:49 - Exiting update_resource_info successfully
2026-03-25 21:35:15,957 - MainThread - DEBUG - wrapper:46 - Entering update_resource_info
2026-03-25 21:35:15,976 - MainThread - DEBUG - wrapper:49 - Exiting update_resource_info successfully
2026-03-25 21:35:16,976 - MainThread - DEBUG - wrapper:46 - Entering update_resource_info
2026-03-25 21:35:16,995 - MainThread - DEBUG - wrapper:49 - Exiting update_resource_info successfully
2026-03-25 21:35:17,995 - MainThread - DEBUG - wrapper:46 - Entering update_resource_info
2026-03-25 21:35:18,014 - MainThread - DEBUG - wrapper:49 - Exiting update_resource_info successfully
2026-03-25 21:35:19,015 - MainThread - DEBUG - wrapper:46 - Entering update_resource_info
2026-03-25 21:35:19,031 - MainThread - DEBUG - wrapper:49 - Exiting update_resource_info successfully
2026-03-25 21:35:20,031 - MainThread - DEBUG - wrapper:46 - Entering update_resource_info
2026-03-25 21:35:20,045 - MainThread - DEBUG - wrapper:49 - Exiting update_resource_info successfully
2026-03-25 21:35:21,046 - MainThread - DEBUG - wrapper:46 - Entering update_resource_info
2026-03-25 21:35:21,065 - MainThread - DEBUG - wrapper:49 - Exiting update_resource_info successfully
2026-03-25 21:35:22,065 - MainThread - DEBUG - wrapper:46 - Entering update_resource_info
2026-03-25 21:35:22,081 - MainThread - DEBUG - wrapper:49 - Exiting update_resource_info successfully
2026-03-25 21:35:23,081 - MainThread - DEBUG - wrapper:46 - Entering update_resource_info
2026-03-25 21:35:23,102 - MainThread - DEBUG - wrapper:49 - Exiting update_resource_info successfully
2026-03-25 21:35:24,102 - MainThread - DEBUG - wrapper:46 - Entering update_resource_info
2026-03-25 21:35:24,122 - MainThread - DEBUG - wrapper:49 - Exiting update_resource_info successfully
2026-03-25 21:35:25,122 - MainThread - DEBUG - wrapper:46 - Entering update_resource_info
2026-03-25 21:35:25,142 - MainThread - DEBUG - wrapper:49 - Exiting update_resource_info successfully
2026-03-25 21:35:26,142 - MainThread - DEBUG - wrapper:46 - Entering update_resource_info
2026-03-25 21:35:26,161 - MainThread - DEBUG - wrapper:49 - Exiting update_resource_info successfully
2026-03-25 21:35:27,161 - MainThread - DEBUG - wrapper:46 - Entering update_resource_info
2026-03-25 21:35:27,181 - MainThread - DEBUG - wrapper:49 - Exiting update_resource_info successfully
2026-03-25 21:35:28,182 - MainThread - DEBUG - wrapper:46 - Entering update_resource_info
2026-03-25 21:35:28,200 - MainThread - DEBUG - wrapper:49 - Exiting update_resource_info successfully
2026-03-25 21:35:29,201 - MainThread - DEBUG - wrapper:46 - Entering update_resource_info
2026-03-25 21:35:29,220 - MainThread - DEBUG - wrapper:49 - Exiting update_resource_info successfully
2026-03-25 21:35:30,220 - MainThread - DEBUG - wrapper:46 - Entering update_resource_info
2026-03-25 21:35:30,240 - MainThread - DEBUG - wrapper:49 - Exiting update_resource_info successfully
2026-03-25 21:35:31,241 - MainThread - DEBUG - wrapper:46 - Entering update_resource_info
2026-03-25 21:35:31,261 - MainThread - DEBUG - wrapper:49 - Exiting update_resource_info successfully
2026-03-25 21:35:32,261 - MainThread - DEBUG - wrapper:46 - Entering update_resource_info
2026-03-25 21:35:32,283 - MainThread - DEBUG - wrapper:49 - Exiting update_resource_info successfully
2026-03-25 21:35:33,284 - MainThread - DEBUG - wrapper:46 - Entering update_resource_info
2026-03-25 21:35:33,305 - MainThread - DEBUG - wrapper:49 - Exiting update_resource_info successfully
2026-03-25 21:35:34,305 - MainThread - DEBUG - wrapper:46 - Entering update_resource_info
2026-03-25 21:35:34,327 - MainThread - DEBUG - wrapper:49 - Exiting update_resource_info successfully
2026-03-25 21:35:35,328 - MainThread - DEBUG - wrapper:46 - Entering update_resource_info
2026-03-25 21:35:35,347 - MainThread - DEBUG - wrapper:49 - Exiting update_resource_info successfully
2026-03-25 21:35:36,347 - MainThread - DEBUG - wrapper:46 - Entering update_resource_info
2026-03-25 21:35:36,367 - MainThread - DEBUG - wrapper:49 - Exiting update_resource_info successfully
2026-03-25 21:35:37,367 - MainThread - DEBUG - wrapper:46 - Entering update_resource_info
2026-03-25 21:35:37,387 - MainThread - DEBUG - wrapper:49 - Exiting update_resource_info successfully
2026-03-25 21:35:38,387 - MainThread - DEBUG - wrapper:46 - Entering update_resource_info
2026-03-25 21:35:38,405 - MainThread - DEBUG - wrapper:49 - Exiting update_resource_info successfully
2026-03-25 21:35:39,406 - MainThread - DEBUG - wrapper:46 - Entering update_resource_info
2026-03-25 21:35:39,424 - MainThread - DEBUG - wrapper:49 - Exiting update_resource_info successfully
2026-03-25 21:35:40,425 - MainThread - DEBUG - wrapper:46 - Entering update_resource_info
2026-03-25 21:35:40,445 - MainThread - DEBUG - wrapper:49 - Exiting update_resource_info successfully
2026-03-25 21:35:41,445 - MainThread - DEBUG - wrapper:46 - Entering update_resource_info
2026-03-25 21:35:41,465 - MainThread - DEBUG - wrapper:49 - Exiting update_resource_info successfully
2026-03-25 21:35:42,465 - MainThread - DEBUG - wrapper:46 - Entering update_resource_info
2026-03-25 21:35:42,488 - MainThread - DEBUG - wrapper:49 - Exiting update_resource_info successfully
2026-03-25 21:35:43,488 - MainThread - DEBUG - wrapper:46 - Entering update_resource_info
2026-03-25 21:35:43,505 - MainThread - DEBUG - wrapper:49 - Exiting update_resource_info successfully
2026-03-25 21:35:44,506 - MainThread - DEBUG - wrapper:46 - Entering update_resource_info
2026-03-25 21:35:44,523 - MainThread - DEBUG - wrapper:49 - Exiting update_resource_info successfully
2026-03-25 21:35:45,523 - MainThread - DEBUG - wrapper:46 - Entering update_resource_info
2026-03-25 21:35:45,542 - MainThread - DEBUG - wrapper:49 - Exiting update_resource_info successfully
2026-03-25 21:35:46,542 - MainThread - DEBUG - wrapper:46 - Entering update_resource_info
2026-03-25 21:35:46,561 - MainThread - DEBUG - wrapper:49 - Exiting update_resource_info successfully
2026-03-25 21:35:47,561 - MainThread - DEBUG - wrapper:46 - Entering update_resource_info
2026-03-25 21:35:47,581 - MainThread - DEBUG - wrapper:49 - Exiting update_resource_info successfully
2026-03-25 21:35:48,581 - MainThread - DEBUG - wrapper:46 - Entering update_resource_info
2026-03-25 21:35:48,599 - MainThread - DEBUG - wrapper:49 - Exiting update_resource_info successfully
2026-03-25 21:35:49,600 - MainThread - DEBUG - wrapper:46 - Entering update_resource_info
2026-03-25 21:35:49,619 - MainThread - DEBUG - wrapper:49 - Exiting update_resource_info successfully
2026-03-25 21:35:50,619 - MainThread - DEBUG - wrapper:46 - Entering update_resource_info
2026-03-25 21:35:50,639 - MainThread - DEBUG - wrapper:49 - Exiting update_resource_info successfully
2026-03-25 21:35:51,639 - MainThread - DEBUG - wrapper:46 - Entering update_resource_info
2026-03-25 21:35:51,660 - MainThread - DEBUG - wrapper:49 - Exiting update_resource_info successfully
2026-03-25 21:35:52,660 - MainThread - DEBUG - wrapper:46 - Entering update_resource_info
2026-03-25 21:35:52,679 - MainThread - DEBUG - wrapper:49 - Exiting update_resource_info successfully
2026-03-25 21:35:53,679 - MainThread - DEBUG - wrapper:46 - Entering update_resource_info
2026-03-25 21:35:53,699 - MainThread - DEBUG - wrapper:49 - Exiting update_resource_info successfully
2026-03-25 21:35:54,700 - MainThread - DEBUG - wrapper:46 - Entering update_resource_info
2026-03-25 21:35:54,718 - MainThread - DEBUG - wrapper:49 - Exiting update_resource_info successfully
2026-03-25 21:35:55,718 - MainThread - DEBUG - wrapper:46 - Entering update_resource_info
2026-03-25 21:35:55,737 - MainThread - DEBUG - wrapper:49 - Exiting update_resource_info successfully
2026-03-25 21:35:56,737 - MainThread - DEBUG - wrapper:46 - Entering update_resource_info
2026-03-25 21:35:56,757 - MainThread - DEBUG - wrapper:49 - Exiting update_resource_info successfully
2026-03-25 21:35:57,758 - MainThread - DEBUG - wrapper:46 - Entering update_resource_info
2026-03-25 21:35:57,776 - MainThread - DEBUG - wrapper:49 - Exiting update_resource_info successfully
2026-03-25 21:35:58,776 - MainThread - DEBUG - wrapper:46 - Entering update_resource_info
2026-03-25 21:35:58,795 - MainThread - DEBUG - wrapper:49 - Exiting update_resource_info successfully
2026-03-25 21:35:59,796 - MainThread - DEBUG - wrapper:46 - Entering update_resource_info
2026-03-25 21:35:59,813 - MainThread - DEBUG - wrapper:49 - Exiting update_resource_info successfully
2026-03-25 21:36:00,813 - MainThread - DEBUG - wrapper:46 - Entering update_resource_info
2026-03-25 21:36:00,831 - MainThread - DEBUG - wrapper:49 - Exiting update_resource_info successfully
2026-03-25 21:36:01,831 - MainThread - DEBUG - wrapper:46 - Entering update_resource_info
2026-03-25 21:36:01,847 - MainThread - DEBUG - wrapper:49 - Exiting update_resource_info successfully
2026-03-25 21:36:02,847 - MainThread - DEBUG - wrapper:46 - Entering update_resource_info
2026-03-25 21:36:02,866 - MainThread - DEBUG - wrapper:49 - Exiting update_resource_info successfully
2026-03-25 21:36:03,866 - MainThread - DEBUG - wrapper:46 - Entering update_resource_info
2026-03-25 21:36:03,887 - MainThread - DEBUG - wrapper:49 - Exiting update_resource_info successfully
2026-03-25 21:36:04,887 - MainThread - DEBUG - wrapper:46 - Entering update_resource_info
2026-03-25 21:36:04,903 - MainThread - DEBUG - wrapper:49 - Exiting update_resource_info successfully
2026-03-25 21:36:05,904 - MainThread - DEBUG - wrapper:46 - Entering update_resource_info
2026-03-25 21:36:05,920 - MainThread - DEBUG - wrapper:49 - Exiting update_resource_info successfully
2026-03-25 21:36:06,920 - MainThread - DEBUG - wrapper:46 - Entering update_resource_info
2026-03-25 21:36:06,937 - MainThread - DEBUG - wrapper:49 - Exiting update_resource_info successfully
2026-03-25 21:36:07,938 - MainThread - DEBUG - wrapper:46 - Entering update_resource_info
2026-03-25 21:36:07,956 - MainThread - DEBUG - wrapper:49 - Exiting update_resource_info successfully
2026-03-25 21:36:08,956 - MainThread - DEBUG - wrapper:46 - Entering update_resource_info
2026-03-25 21:36:08,974 - MainThread - DEBUG - wrapper:49 - Exiting update_resource_info successfully
2026-03-25 21:36:09,974 - MainThread - DEBUG - wrapper:46 - Entering update_resource_info
2026-03-25 21:36:09,991 - MainThread - DEBUG - wrapper:49 - Exiting update_resource_info successfully
2026-03-25 21:36:10,991 - MainThread - DEBUG - wrapper:46 - Entering update_resource_info
2026-03-25 21:36:11,013 - MainThread - DEBUG - wrapper:49 - Exiting update_resource_info successfully
2026-03-25 21:36:12,013 - MainThread - DEBUG - wrapper:46 - Entering update_resource_info
2026-03-25 21:36:12,030 - MainThread - DEBUG - wrapper:49 - Exiting update_resource_info successfully
2026-03-25 21:36:13,030 - MainThread - DEBUG - wrapper:46 - Entering update_resource_info
2026-03-25 21:36:13,051 - MainThread - DEBUG - wrapper:49 - Exiting update_resource_info successfully
2026-03-25 21:36:14,051 - MainThread - DEBUG - wrapper:46 - Entering update_resource_info
2026-03-25 21:36:14,070 - MainThread - DEBUG - wrapper:49 - Exiting update_resource_info successfully
2026-03-25 21:36:15,070 - MainThread - DEBUG - wrapper:46 - Entering update_resource_info
2026-03-25 21:36:15,089 - MainThread - DEBUG - wrapper:49 - Exiting update_resource_info successfully
2026-03-25 21:36:16,089 - MainThread - DEBUG - wrapper:46 - Entering update_resource_info
2026-03-25 21:36:16,109 - MainThread - DEBUG - wrapper:49 - Exiting update_resource_info successfully
2026-03-25 21:36:17,109 - MainThread - DEBUG - wrapper:46 - Entering update_resource_info
2026-03-25 21:36:17,128 - MainThread - DEBUG - wrapper:49 - Exiting update_resource_info successfully
2026-03-25 21:36:18,128 - MainThread - DEBUG - wrapper:46 - Entering update_resource_info
2026-03-25 21:36:18,149 - MainThread - DEBUG - wrapper:49 - Exiting update_resource_info successfully
2026-03-25 21:36:18,915 - MainThread - DEBUG - wrapper:46 - Entering cleanup_and_exit
2026-03-25 21:36:18,915 - MainThread - INFO - cleanup_and_exit:1639 - Starting cleanup and exit
2026-03-25 21:36:18,915 - MainThread - INFO - cleanup_and_exit:1644 - Destroying main window
2026-03-25 21:36:18,935 - MainThread - INFO - destroy:141 - Destroying console tab for MF
2026-03-25 21:36:18,948 - MainThread - INFO - cleanup_and_exit:1646 - Exiting application
