2026-05-30 19:30:47,187 - MainThread - INFO - <module>:2587 - Starting application
2026-05-30 19:30:47,251 - MainThread - INFO - __init__:1581 - Initializing ScriptRunnerApp
2026-05-30 19:30:47,276 - MainThread - DEBUG - wrapper:46 - Entering create_welcome_tab
2026-05-30 19:30:47,331 - MainThread - DEBUG - wrapper:46 - Entering update_resource_info
2026-05-30 19:30:47,346 - MainThread - DEBUG - wrapper:49 - Exiting update_resource_info successfully
2026-05-30 19:30:47,346 - MainThread - DEBUG - wrapper:49 - Exiting create_welcome_tab successfully
2026-05-30 19:30:47,347 - MainThread - DEBUG - wrapper:46 - Entering load_scripts
2026-05-30 19:30:47,458 - MainThread - DEBUG - wrapper:49 - Exiting load_scripts successfully
2026-05-30 19:30:47,464 - MainThread - INFO - show_debug_info:1619 - 
调试模式已启用
日志文件: /home/maple/study3/robocon_ws18/src/merge/shell_monitor/logs/debug_20260530_193047.log
Python版本: 3.8.10 (default, Mar 18 2025, 20:04:55) 
[GCC 9.4.0]
平台: Linux-5.15.0-139-generic-x86_64-with-glibc2.29
进程ID: 21865
线程: MainThread

2026-05-30 19:30:47,490 - MainThread - INFO - <module>:2603 - Starting main loop
2026-05-30 19:30:48,347 - MainThread - DEBUG - wrapper:46 - Entering update_resource_info
2026-05-30 19:30:48,365 - MainThread - DEBUG - wrapper:49 - Exiting update_resource_info successfully
2026-05-30 19:30:49,365 - MainThread - DEBUG - wrapper:46 - Entering update_resource_info
2026-05-30 19:30:49,382 - MainThread - DEBUG - wrapper:49 - Exiting update_resource_info successfully
2026-05-30 19:30:50,288 - MainThread - DEBUG - wrapper:46 - Entering open_script_console
2026-05-30 19:30:50,289 - MainThread - INFO - open_script_console:2336 - Opening console for MF
2026-05-30 19:30:50,289 - MainThread - INFO - __init__:75 - Creating console tab for MF
2026-05-30 19:30:50,367 - MainThread - DEBUG - wrapper:49 - Exiting open_script_console successfully
2026-05-30 19:30:50,382 - MainThread - DEBUG - wrapper:46 - Entering update_resource_info
2026-05-30 19:30:50,399 - MainThread - DEBUG - wrapper:49 - Exiting update_resource_info successfully
2026-05-30 19:30:50,400 - MainThread - DEBUG - wrapper:46 - Entering parse_ansi_text
2026-05-30 19:30:50,400 - MainThread - DEBUG - wrapper:49 - Exiting parse_ansi_text successfully
2026-05-30 19:30:50,401 - MainThread - DEBUG - wrapper:46 - Entering parse_ansi_text
2026-05-30 19:30:50,401 - MainThread - DEBUG - wrapper:49 - Exiting parse_ansi_text successfully
2026-05-30 19:30:51,400 - MainThread - DEBUG - wrapper:46 - Entering update_resource_info
2026-05-30 19:30:51,419 - MainThread - DEBUG - wrapper:49 - Exiting update_resource_info successfully
2026-05-30 19:30:51,697 - MainThread - DEBUG - on_terminal_btn_press:327 - Terminal button pressed
2026-05-30 19:30:51,792 - MainThread - DEBUG - on_terminal_btn_release:449 - Terminal button released after 95.348876953125ms
2026-05-30 19:30:51,805 - MainThread - DEBUG - wrapper:46 - Entering run_in_terminal
2026-05-30 19:30:51,805 - MainThread - INFO - run_in_terminal:705 - Opening script in terminal: MF
2026-05-30 19:30:51,814 - MainThread - DEBUG - wrapper:49 - Exiting run_in_terminal successfully
2026-05-30 19:30:51,822 - MainThread - DEBUG - wrapper:46 - Entering parse_ansi_text
2026-05-30 19:30:51,822 - MainThread - DEBUG - wrapper:49 - Exiting parse_ansi_text successfully
2026-05-30 19:30:51,824 - MainThread - DEBUG - wrapper:46 - Entering parse_ansi_text
2026-05-30 19:30:51,824 - MainThread - DEBUG - wrapper:49 - Exiting parse_ansi_text successfully
2026-05-30 19:30:52,027 - MainThread - DEBUG - wrapper:46 - Entering parse_ansi_text
2026-05-30 19:30:52,027 - MainThread - DEBUG - wrapper:49 - Exiting parse_ansi_text successfully
2026-05-30 19:30:52,420 - MainThread - DEBUG - wrapper:46 - Entering update_resource_info
2026-05-30 19:30:52,434 - MainThread - DEBUG - wrapper:49 - Exiting update_resource_info successfully
2026-05-30 19:30:53,435 - MainThread - DEBUG - wrapper:46 - Entering update_resource_info
2026-05-30 19:30:53,456 - MainThread - DEBUG - wrapper:49 - Exiting update_resource_info successfully
2026-05-30 19:30:54,456 - MainThread - DEBUG - wrapper:46 - Entering update_resource_info
2026-05-30 19:30:54,476 - MainThread - DEBUG - wrapper:49 - Exiting update_resource_info successfully
2026-05-30 19:30:55,476 - MainThread - DEBUG - wrapper:46 - Entering update_resource_info
2026-05-30 19:30:55,496 - MainThread - DEBUG - wrapper:49 - Exiting update_resource_info successfully
2026-05-30 19:30:56,497 - MainThread - DEBUG - wrapper:46 - Entering update_resource_info
2026-05-30 19:30:56,515 - MainThread - DEBUG - wrapper:49 - Exiting update_resource_info successfully
2026-05-30 19:30:57,515 - MainThread - DEBUG - wrapper:46 - Entering update_resource_info
2026-05-30 19:30:57,534 - MainThread - DEBUG - wrapper:49 - Exiting update_resource_info successfully
2026-05-30 19:30:58,535 - MainThread - DEBUG - wrapper:46 - Entering update_resource_info
2026-05-30 19:30:58,550 - MainThread - DEBUG - wrapper:49 - Exiting update_resource_info successfully
2026-05-30 19:30:59,551 - MainThread - DEBUG - wrapper:46 - Entering update_resource_info
2026-05-30 19:30:59,568 - MainThread - DEBUG - wrapper:49 - Exiting update_resource_info successfully
2026-05-30 19:31:00,568 - MainThread - DEBUG - wrapper:46 - Entering update_resource_info
2026-05-30 19:31:00,585 - MainThread - DEBUG - wrapper:49 - Exiting update_resource_info successfully
2026-05-30 19:31:01,586 - MainThread - DEBUG - wrapper:46 - Entering update_resource_info
2026-05-30 19:31:01,606 - MainThread - DEBUG - wrapper:49 - Exiting update_resource_info successfully
2026-05-30 19:31:02,606 - MainThread - DEBUG - wrapper:46 - Entering update_resource_info
2026-05-30 19:31:02,623 - MainThread - DEBUG - wrapper:49 - Exiting update_resource_info successfully
2026-05-30 19:31:03,623 - MainThread - DEBUG - wrapper:46 - Entering update_resource_info
2026-05-30 19:31:03,638 - MainThread - DEBUG - wrapper:49 - Exiting update_resource_info successfully
2026-05-30 19:31:04,638 - MainThread - DEBUG - wrapper:46 - Entering update_resource_info
2026-05-30 19:31:04,658 - MainThread - DEBUG - wrapper:49 - Exiting update_resource_info successfully
2026-05-30 19:31:05,659 - MainThread - DEBUG - wrapper:46 - Entering update_resource_info
2026-05-30 19:31:05,680 - MainThread - DEBUG - wrapper:49 - Exiting update_resource_info successfully
2026-05-30 19:31:06,680 - MainThread - DEBUG - wrapper:46 - Entering update_resource_info
2026-05-30 19:31:06,700 - MainThread - DEBUG - wrapper:49 - Exiting update_resource_info successfully
2026-05-30 19:31:07,700 - MainThread - DEBUG - wrapper:46 - Entering update_resource_info
2026-05-30 19:31:07,720 - MainThread - DEBUG - wrapper:49 - Exiting update_resource_info successfully
2026-05-30 19:31:08,720 - MainThread - DEBUG - wrapper:46 - Entering update_resource_info
2026-05-30 19:31:08,740 - MainThread - DEBUG - wrapper:49 - Exiting update_resource_info successfully
2026-05-30 19:31:09,740 - MainThread - DEBUG - wrapper:46 - Entering update_resource_info
2026-05-30 19:31:09,759 - MainThread - DEBUG - wrapper:49 - Exiting update_resource_info successfully
2026-05-30 19:31:10,760 - MainThread - DEBUG - wrapper:46 - Entering update_resource_info
2026-05-30 19:31:10,779 - MainThread - DEBUG - wrapper:49 - Exiting update_resource_info successfully
2026-05-30 19:31:11,780 - MainThread - DEBUG - wrapper:46 - Entering update_resource_info
2026-05-30 19:31:11,800 - MainThread - DEBUG - wrapper:49 - Exiting update_resource_info successfully
2026-05-30 19:31:12,801 - MainThread - DEBUG - wrapper:46 - Entering update_resource_info
2026-05-30 19:31:12,820 - MainThread - DEBUG - wrapper:49 - Exiting update_resource_info successfully
2026-05-30 19:31:13,820 - MainThread - DEBUG - wrapper:46 - Entering update_resource_info
2026-05-30 19:31:13,840 - MainThread - DEBUG - wrapper:49 - Exiting update_resource_info successfully
2026-05-30 19:31:14,840 - MainThread - DEBUG - wrapper:46 - Entering update_resource_info
2026-05-30 19:31:14,857 - MainThread - DEBUG - wrapper:49 - Exiting update_resource_info successfully
2026-05-30 19:31:15,857 - MainThread - DEBUG - wrapper:46 - Entering update_resource_info
2026-05-30 19:31:15,876 - MainThread - DEBUG - wrapper:49 - Exiting update_resource_info successfully
2026-05-30 19:31:16,877 - MainThread - DEBUG - wrapper:46 - Entering update_resource_info
2026-05-30 19:31:16,895 - MainThread - DEBUG - wrapper:49 - Exiting update_resource_info successfully
2026-05-30 19:31:17,895 - MainThread - DEBUG - wrapper:46 - Entering update_resource_info
2026-05-30 19:31:17,914 - MainThread - DEBUG - wrapper:49 - Exiting update_resource_info successfully
2026-05-30 19:31:18,914 - MainThread - DEBUG - wrapper:46 - Entering update_resource_info
2026-05-30 19:31:18,932 - MainThread - DEBUG - wrapper:49 - Exiting update_resource_info successfully
2026-05-30 19:31:19,933 - MainThread - DEBUG - wrapper:46 - Entering update_resource_info
2026-05-30 19:31:19,948 - MainThread - DEBUG - wrapper:49 - Exiting update_resource_info successfully
2026-05-30 19:31:20,948 - MainThread - DEBUG - wrapper:46 - Entering update_resource_info
2026-05-30 19:31:20,968 - MainThread - DEBUG - wrapper:49 - Exiting update_resource_info successfully
2026-05-30 19:31:21,968 - MainThread - DEBUG - wrapper:46 - Entering update_resource_info
2026-05-30 19:31:21,987 - MainThread - DEBUG - wrapper:49 - Exiting update_resource_info successfully
2026-05-30 19:31:22,202 - MainThread - DEBUG - wrapper:46 - Entering cleanup_and_exit
2026-05-30 19:31:22,202 - MainThread - INFO - cleanup_and_exit:1639 - Starting cleanup and exit
2026-05-30 19:31:22,203 - MainThread - INFO - cleanup_and_exit:1644 - Destroying main window
2026-05-30 19:31:22,228 - MainThread - INFO - destroy:141 - Destroying console tab for MF
2026-05-30 19:31:22,236 - MainThread - INFO - cleanup_and_exit:1646 - Exiting application
