2026-03-24 22:12:15,780 - MainThread - INFO - <module>:2587 - Starting application
2026-03-24 22:12:15,850 - MainThread - INFO - __init__:1581 - Initializing ScriptRunnerApp
2026-03-24 22:12:15,882 - MainThread - DEBUG - wrapper:46 - Entering create_welcome_tab
2026-03-24 22:12:15,937 - MainThread - DEBUG - wrapper:46 - Entering update_resource_info
2026-03-24 22:12:15,953 - MainThread - DEBUG - wrapper:49 - Exiting update_resource_info successfully
2026-03-24 22:12:15,953 - MainThread - DEBUG - wrapper:49 - Exiting create_welcome_tab successfully
2026-03-24 22:12:15,954 - MainThread - DEBUG - wrapper:46 - Entering load_scripts
2026-03-24 22:12:16,092 - MainThread - DEBUG - wrapper:49 - Exiting load_scripts successfully
2026-03-24 22:12:16,100 - MainThread - INFO - show_debug_info:1619 - 
调试模式已启用
日志文件: /home/maple/study3/merge_ws37/src/merge/shell_monitor/logs/debug_20260324_221215.log
Python版本: 3.8.10 (default, Mar 18 2025, 20:04:55) 
[GCC 9.4.0]
平台: Linux-5.15.0-139-generic-x86_64-with-glibc2.29
进程ID: 35575
线程: MainThread

2026-03-24 22:12:16,130 - MainThread - INFO - <module>:2603 - Starting main loop
2026-03-24 22:12:16,953 - MainThread - DEBUG - wrapper:46 - Entering update_resource_info
2026-03-24 22:12:16,971 - MainThread - DEBUG - wrapper:49 - Exiting update_resource_info successfully
2026-03-24 22:12:17,971 - MainThread - DEBUG - wrapper:46 - Entering update_resource_info
2026-03-24 22:12:17,988 - MainThread - DEBUG - wrapper:49 - Exiting update_resource_info successfully
2026-03-24 22:12:18,988 - MainThread - DEBUG - wrapper:46 - Entering update_resource_info
2026-03-24 22:12:19,008 - MainThread - DEBUG - wrapper:49 - Exiting update_resource_info successfully
2026-03-24 22:12:19,945 - MainThread - DEBUG - wrapper:46 - Entering open_script_console
2026-03-24 22:12:19,945 - MainThread - INFO - open_script_console:2336 - Opening console for merge_launch
2026-03-24 22:12:19,945 - MainThread - INFO - __init__:75 - Creating console tab for merge_launch
2026-03-24 22:12:19,994 - MainThread - DEBUG - wrapper:49 - Exiting open_script_console successfully
2026-03-24 22:12:20,008 - MainThread - DEBUG - wrapper:46 - Entering update_resource_info
2026-03-24 22:12:20,025 - MainThread - DEBUG - wrapper:49 - Exiting update_resource_info successfully
2026-03-24 22:12:20,046 - MainThread - DEBUG - wrapper:46 - Entering parse_ansi_text
2026-03-24 22:12:20,047 - MainThread - DEBUG - wrapper:49 - Exiting parse_ansi_text successfully
2026-03-24 22:12:20,049 - MainThread - DEBUG - wrapper:46 - Entering parse_ansi_text
2026-03-24 22:12:20,049 - MainThread - DEBUG - wrapper:49 - Exiting parse_ansi_text successfully
2026-03-24 22:12:21,025 - MainThread - DEBUG - wrapper:46 - Entering update_resource_info
2026-03-24 22:12:21,045 - MainThread - DEBUG - wrapper:49 - Exiting update_resource_info successfully
2026-03-24 22:12:21,257 - MainThread - DEBUG - on_terminal_btn_press:327 - Terminal button pressed
2026-03-24 22:12:21,344 - MainThread - DEBUG - on_terminal_btn_release:449 - Terminal button released after 87.287109375ms
2026-03-24 22:12:21,356 - MainThread - DEBUG - wrapper:46 - Entering run_in_terminal
2026-03-24 22:12:21,356 - MainThread - INFO - run_in_terminal:705 - Opening script in terminal: merge_launch
2026-03-24 22:12:21,363 - MainThread - DEBUG - wrapper:49 - Exiting run_in_terminal successfully
2026-03-24 22:12:21,363 - MainThread - DEBUG - wrapper:46 - Entering parse_ansi_text
2026-03-24 22:12:21,363 - MainThread - DEBUG - wrapper:49 - Exiting parse_ansi_text successfully
2026-03-24 22:12:21,366 - MainThread - DEBUG - wrapper:46 - Entering parse_ansi_text
2026-03-24 22:12:21,366 - MainThread - DEBUG - wrapper:49 - Exiting parse_ansi_text successfully
2026-03-24 22:12:21,569 - MainThread - DEBUG - wrapper:46 - Entering parse_ansi_text
2026-03-24 22:12:21,569 - MainThread - DEBUG - wrapper:49 - Exiting parse_ansi_text successfully
2026-03-24 22:12:22,045 - MainThread - DEBUG - wrapper:46 - Entering update_resource_info
2026-03-24 22:12:22,065 - MainThread - DEBUG - wrapper:49 - Exiting update_resource_info successfully
2026-03-24 22:12:23,066 - MainThread - DEBUG - wrapper:46 - Entering update_resource_info
2026-03-24 22:12:23,084 - MainThread - DEBUG - wrapper:49 - Exiting update_resource_info successfully
2026-03-24 22:12:24,084 - MainThread - DEBUG - wrapper:46 - Entering update_resource_info
2026-03-24 22:12:24,096 - MainThread - DEBUG - wrapper:49 - Exiting update_resource_info successfully
2026-03-24 22:12:25,097 - MainThread - DEBUG - wrapper:46 - Entering update_resource_info
2026-03-24 22:12:25,116 - MainThread - DEBUG - wrapper:49 - Exiting update_resource_info successfully
2026-03-24 22:12:26,117 - MainThread - DEBUG - wrapper:46 - Entering update_resource_info
2026-03-24 22:12:26,133 - MainThread - DEBUG - wrapper:49 - Exiting update_resource_info successfully
2026-03-24 22:12:27,133 - MainThread - DEBUG - wrapper:46 - Entering update_resource_info
2026-03-24 22:12:27,150 - MainThread - DEBUG - wrapper:49 - Exiting update_resource_info successfully
2026-03-24 22:12:28,151 - MainThread - DEBUG - wrapper:46 - Entering update_resource_info
2026-03-24 22:12:28,169 - MainThread - DEBUG - wrapper:49 - Exiting update_resource_info successfully
2026-03-24 22:12:29,169 - MainThread - DEBUG - wrapper:46 - Entering update_resource_info
2026-03-24 22:12:29,187 - MainThread - DEBUG - wrapper:49 - Exiting update_resource_info successfully
2026-03-24 22:12:30,187 - MainThread - DEBUG - wrapper:46 - Entering update_resource_info
2026-03-24 22:12:30,205 - MainThread - DEBUG - wrapper:49 - Exiting update_resource_info successfully
2026-03-24 22:12:31,205 - MainThread - DEBUG - wrapper:46 - Entering update_resource_info
2026-03-24 22:12:31,224 - MainThread - DEBUG - wrapper:49 - Exiting update_resource_info successfully
2026-03-24 22:12:32,224 - MainThread - DEBUG - wrapper:46 - Entering update_resource_info
2026-03-24 22:12:32,243 - MainThread - DEBUG - wrapper:49 - Exiting update_resource_info successfully
2026-03-24 22:12:33,244 - MainThread - DEBUG - wrapper:46 - Entering update_resource_info
2026-03-24 22:12:33,264 - MainThread - DEBUG - wrapper:49 - Exiting update_resource_info successfully
2026-03-24 22:12:34,264 - MainThread - DEBUG - wrapper:46 - Entering update_resource_info
2026-03-24 22:12:34,280 - MainThread - DEBUG - wrapper:49 - Exiting update_resource_info successfully
2026-03-24 22:12:35,281 - MainThread - DEBUG - wrapper:46 - Entering update_resource_info
2026-03-24 22:12:35,299 - MainThread - DEBUG - wrapper:49 - Exiting update_resource_info successfully
2026-03-24 22:12:36,299 - MainThread - DEBUG - wrapper:46 - Entering update_resource_info
2026-03-24 22:12:36,318 - MainThread - DEBUG - wrapper:49 - Exiting update_resource_info successfully
2026-03-24 22:12:37,318 - MainThread - DEBUG - wrapper:46 - Entering update_resource_info
2026-03-24 22:12:37,332 - MainThread - DEBUG - wrapper:49 - Exiting update_resource_info successfully
2026-03-24 22:12:38,332 - MainThread - DEBUG - wrapper:46 - Entering update_resource_info
2026-03-24 22:12:38,350 - MainThread - DEBUG - wrapper:49 - Exiting update_resource_info successfully
2026-03-24 22:12:39,350 - MainThread - DEBUG - wrapper:46 - Entering update_resource_info
2026-03-24 22:12:39,366 - MainThread - DEBUG - wrapper:49 - Exiting update_resource_info successfully
2026-03-24 22:12:40,367 - MainThread - DEBUG - wrapper:46 - Entering update_resource_info
2026-03-24 22:12:40,385 - MainThread - DEBUG - wrapper:49 - Exiting update_resource_info successfully
2026-03-24 22:12:41,385 - MainThread - DEBUG - wrapper:46 - Entering update_resource_info
2026-03-24 22:12:41,404 - MainThread - DEBUG - wrapper:49 - Exiting update_resource_info successfully
2026-03-24 22:12:42,404 - MainThread - DEBUG - wrapper:46 - Entering update_resource_info
2026-03-24 22:12:42,422 - MainThread - DEBUG - wrapper:49 - Exiting update_resource_info successfully
2026-03-24 22:12:43,423 - MainThread - DEBUG - wrapper:46 - Entering update_resource_info
2026-03-24 22:12:43,439 - MainThread - DEBUG - wrapper:49 - Exiting update_resource_info successfully
2026-03-24 22:12:44,439 - MainThread - DEBUG - wrapper:46 - Entering update_resource_info
2026-03-24 22:12:44,455 - MainThread - DEBUG - wrapper:49 - Exiting update_resource_info successfully
2026-03-24 22:12:45,455 - MainThread - DEBUG - wrapper:46 - Entering update_resource_info
2026-03-24 22:12:45,474 - MainThread - DEBUG - wrapper:49 - Exiting update_resource_info successfully
2026-03-24 22:12:46,329 - MainThread - DEBUG - wrapper:46 - Entering load_scripts
2026-03-24 22:12:46,336 - MainThread - DEBUG - wrapper:49 - Exiting load_scripts successfully
2026-03-24 22:12:46,474 - MainThread - DEBUG - wrapper:46 - Entering update_resource_info
2026-03-24 22:12:46,491 - MainThread - DEBUG - wrapper:49 - Exiting update_resource_info successfully
2026-03-24 22:12:46,880 - MainThread - DEBUG - wrapper:46 - Entering load_scripts
2026-03-24 22:12:46,887 - MainThread - DEBUG - wrapper:49 - Exiting load_scripts successfully
2026-03-24 22:12:47,080 - MainThread - DEBUG - wrapper:46 - Entering load_scripts
2026-03-24 22:12:47,087 - MainThread - DEBUG - wrapper:49 - Exiting load_scripts successfully
2026-03-24 22:12:47,304 - MainThread - DEBUG - wrapper:46 - Entering load_scripts
2026-03-24 22:12:47,312 - MainThread - DEBUG - wrapper:49 - Exiting load_scripts successfully
2026-03-24 22:12:47,492 - MainThread - DEBUG - wrapper:46 - Entering update_resource_info
2026-03-24 22:12:47,510 - MainThread - DEBUG - wrapper:49 - Exiting update_resource_info successfully
2026-03-24 22:12:48,510 - MainThread - DEBUG - wrapper:46 - Entering update_resource_info
2026-03-24 22:12:48,526 - MainThread - DEBUG - wrapper:49 - Exiting update_resource_info successfully
2026-03-24 22:12:49,527 - MainThread - DEBUG - wrapper:46 - Entering update_resource_info
2026-03-24 22:12:49,546 - MainThread - DEBUG - wrapper:49 - Exiting update_resource_info successfully
2026-03-24 22:12:50,546 - MainThread - DEBUG - wrapper:46 - Entering update_resource_info
2026-03-24 22:12:50,564 - MainThread - DEBUG - wrapper:49 - Exiting update_resource_info successfully
2026-03-24 22:12:51,564 - MainThread - DEBUG - wrapper:46 - Entering update_resource_info
2026-03-24 22:12:51,585 - MainThread - DEBUG - wrapper:49 - Exiting update_resource_info successfully
2026-03-24 22:12:52,585 - MainThread - DEBUG - wrapper:46 - Entering update_resource_info
2026-03-24 22:12:52,604 - MainThread - DEBUG - wrapper:49 - Exiting update_resource_info successfully
2026-03-24 22:12:53,604 - MainThread - DEBUG - wrapper:46 - Entering update_resource_info
2026-03-24 22:12:53,621 - MainThread - DEBUG - wrapper:49 - Exiting update_resource_info successfully
2026-03-24 22:12:54,621 - MainThread - DEBUG - wrapper:46 - Entering update_resource_info
2026-03-24 22:12:54,638 - MainThread - DEBUG - wrapper:49 - Exiting update_resource_info successfully
2026-03-24 22:12:55,639 - MainThread - DEBUG - wrapper:46 - Entering update_resource_info
2026-03-24 22:12:55,659 - MainThread - DEBUG - wrapper:49 - Exiting update_resource_info successfully
2026-03-24 22:12:56,660 - MainThread - DEBUG - wrapper:46 - Entering update_resource_info
2026-03-24 22:12:56,678 - MainThread - DEBUG - wrapper:49 - Exiting update_resource_info successfully
2026-03-24 22:12:57,678 - MainThread - DEBUG - wrapper:46 - Entering update_resource_info
2026-03-24 22:12:57,699 - MainThread - DEBUG - wrapper:49 - Exiting update_resource_info successfully
2026-03-24 22:12:58,208 - MainThread - DEBUG - wrapper:46 - Entering open_script_console
2026-03-24 22:12:58,208 - MainThread - INFO - open_script_console:2336 - Opening console for roscore
2026-03-24 22:12:58,208 - MainThread - INFO - __init__:75 - Creating console tab for roscore
2026-03-24 22:12:58,258 - MainThread - DEBUG - wrapper:49 - Exiting open_script_console successfully
2026-03-24 22:12:58,309 - MainThread - DEBUG - wrapper:46 - Entering parse_ansi_text
2026-03-24 22:12:58,310 - MainThread - DEBUG - wrapper:49 - Exiting parse_ansi_text successfully
2026-03-24 22:12:58,310 - MainThread - DEBUG - wrapper:46 - Entering parse_ansi_text
2026-03-24 22:12:58,310 - MainThread - DEBUG - wrapper:49 - Exiting parse_ansi_text successfully
2026-03-24 22:12:58,699 - MainThread - DEBUG - wrapper:46 - Entering update_resource_info
2026-03-24 22:12:58,715 - MainThread - DEBUG - wrapper:49 - Exiting update_resource_info successfully
2026-03-24 22:12:59,716 - MainThread - DEBUG - wrapper:46 - Entering update_resource_info
2026-03-24 22:12:59,735 - MainThread - DEBUG - wrapper:49 - Exiting update_resource_info successfully
2026-03-24 22:13:00,192 - MainThread - DEBUG - wrapper:46 - Entering open_script_console
2026-03-24 22:13:00,192 - MainThread - INFO - open_script_console:2336 - Opening console for merge_node
2026-03-24 22:13:00,192 - MainThread - INFO - __init__:75 - Creating console tab for merge_node
2026-03-24 22:13:00,240 - MainThread - DEBUG - wrapper:49 - Exiting open_script_console successfully
2026-03-24 22:13:00,293 - MainThread - DEBUG - wrapper:46 - Entering parse_ansi_text
2026-03-24 22:13:00,293 - MainThread - DEBUG - wrapper:49 - Exiting parse_ansi_text successfully
2026-03-24 22:13:00,294 - MainThread - DEBUG - wrapper:46 - Entering parse_ansi_text
2026-03-24 22:13:00,294 - MainThread - DEBUG - wrapper:49 - Exiting parse_ansi_text successfully
2026-03-24 22:13:00,735 - MainThread - DEBUG - wrapper:46 - Entering update_resource_info
2026-03-24 22:13:00,751 - MainThread - DEBUG - wrapper:49 - Exiting update_resource_info successfully
2026-03-24 22:13:01,751 - MainThread - DEBUG - wrapper:46 - Entering update_resource_info
2026-03-24 22:13:01,769 - MainThread - DEBUG - wrapper:49 - Exiting update_resource_info successfully
2026-03-24 22:13:02,769 - MainThread - DEBUG - wrapper:46 - Entering update_resource_info
2026-03-24 22:13:02,787 - MainThread - DEBUG - wrapper:49 - Exiting update_resource_info successfully
2026-03-24 22:13:03,217 - MainThread - DEBUG - wrapper:46 - Entering cleanup_and_exit
2026-03-24 22:13:03,217 - MainThread - INFO - cleanup_and_exit:1639 - Starting cleanup and exit
2026-03-24 22:13:03,217 - MainThread - INFO - cleanup_and_exit:1644 - Destroying main window
2026-03-24 22:13:03,235 - MainThread - INFO - destroy:141 - Destroying console tab for merge_launch
2026-03-24 22:13:03,240 - MainThread - INFO - destroy:141 - Destroying console tab for roscore
2026-03-24 22:13:03,243 - MainThread - INFO - destroy:141 - Destroying console tab for merge_node
2026-03-24 22:13:03,252 - MainThread - INFO - cleanup_and_exit:1646 - Exiting application
