2026-03-24 21:59:44,532 - MainThread - INFO - <module>:2587 - Starting application
2026-03-24 21:59:44,599 - MainThread - INFO - __init__:1581 - Initializing ScriptRunnerApp
2026-03-24 21:59:44,624 - MainThread - DEBUG - wrapper:46 - Entering create_welcome_tab
2026-03-24 21:59:44,679 - MainThread - DEBUG - wrapper:46 - Entering update_resource_info
2026-03-24 21:59:44,695 - MainThread - DEBUG - wrapper:49 - Exiting update_resource_info successfully
2026-03-24 21:59:44,695 - MainThread - DEBUG - wrapper:49 - Exiting create_welcome_tab successfully
2026-03-24 21:59:44,696 - MainThread - DEBUG - wrapper:46 - Entering load_scripts
2026-03-24 21:59:44,832 - MainThread - DEBUG - wrapper:49 - Exiting load_scripts successfully
2026-03-24 21:59:44,840 - MainThread - INFO - show_debug_info:1619 - 
调试模式已启用
日志文件: /home/maple/study3/merge_ws37/src/merge/shell_monitor/logs/debug_20260324_215944.log
Python版本: 3.8.10 (default, Mar 18 2025, 20:04:55) 
[GCC 9.4.0]
平台: Linux-5.15.0-139-generic-x86_64-with-glibc2.29
进程ID: 31589
线程: MainThread

2026-03-24 21:59:44,863 - MainThread - INFO - <module>:2603 - Starting main loop
2026-03-24 21:59:45,695 - MainThread - DEBUG - wrapper:46 - Entering update_resource_info
2026-03-24 21:59:45,713 - MainThread - DEBUG - wrapper:49 - Exiting update_resource_info successfully
2026-03-24 21:59:46,714 - MainThread - DEBUG - wrapper:46 - Entering update_resource_info
2026-03-24 21:59:46,731 - MainThread - DEBUG - wrapper:49 - Exiting update_resource_info successfully
2026-03-24 21:59:46,745 - MainThread - DEBUG - wrapper:46 - Entering open_script_console
2026-03-24 21:59:46,745 - MainThread - INFO - open_script_console:2336 - Opening console for merge_launch
2026-03-24 21:59:46,745 - MainThread - INFO - __init__:75 - Creating console tab for merge_launch
2026-03-24 21:59:46,790 - MainThread - DEBUG - wrapper:49 - Exiting open_script_console successfully
2026-03-24 21:59:46,846 - MainThread - DEBUG - wrapper:46 - Entering parse_ansi_text
2026-03-24 21:59:46,847 - MainThread - DEBUG - wrapper:49 - Exiting parse_ansi_text successfully
2026-03-24 21:59:46,848 - MainThread - DEBUG - wrapper:46 - Entering parse_ansi_text
2026-03-24 21:59:46,848 - MainThread - DEBUG - wrapper:49 - Exiting parse_ansi_text successfully
2026-03-24 21:59:47,732 - MainThread - DEBUG - wrapper:46 - Entering update_resource_info
2026-03-24 21:59:47,750 - MainThread - DEBUG - wrapper:49 - Exiting update_resource_info successfully
2026-03-24 21:59:48,751 - MainThread - DEBUG - wrapper:46 - Entering update_resource_info
2026-03-24 21:59:48,770 - MainThread - DEBUG - wrapper:49 - Exiting update_resource_info successfully
2026-03-24 21:59:49,770 - MainThread - DEBUG - wrapper:46 - Entering update_resource_info
2026-03-24 21:59:49,789 - MainThread - DEBUG - wrapper:49 - Exiting update_resource_info successfully
2026-03-24 21:59:50,789 - MainThread - DEBUG - wrapper:46 - Entering update_resource_info
2026-03-24 21:59:50,806 - MainThread - DEBUG - wrapper:49 - Exiting update_resource_info successfully
2026-03-24 21:59:51,807 - MainThread - DEBUG - wrapper:46 - Entering update_resource_info
2026-03-24 21:59:51,825 - MainThread - DEBUG - wrapper:49 - Exiting update_resource_info successfully
2026-03-24 21:59:52,121 - MainThread - DEBUG - on_terminal_btn_press:327 - Terminal button pressed
2026-03-24 21:59:52,201 - MainThread - DEBUG - on_terminal_btn_release:449 - Terminal button released after 79.662109375ms
2026-03-24 21:59:52,214 - MainThread - DEBUG - wrapper:46 - Entering run_in_terminal
2026-03-24 21:59:52,215 - MainThread - INFO - run_in_terminal:705 - Opening script in terminal: merge_launch
2026-03-24 21:59:52,221 - MainThread - DEBUG - wrapper:49 - Exiting run_in_terminal successfully
2026-03-24 21:59:52,226 - MainThread - DEBUG - wrapper:46 - Entering parse_ansi_text
2026-03-24 21:59:52,227 - MainThread - DEBUG - wrapper:49 - Exiting parse_ansi_text successfully
2026-03-24 21:59:52,229 - MainThread - DEBUG - wrapper:46 - Entering parse_ansi_text
2026-03-24 21:59:52,229 - MainThread - DEBUG - wrapper:49 - Exiting parse_ansi_text successfully
2026-03-24 21:59:52,431 - MainThread - DEBUG - wrapper:46 - Entering parse_ansi_text
2026-03-24 21:59:52,431 - MainThread - DEBUG - wrapper:49 - Exiting parse_ansi_text successfully
2026-03-24 21:59:52,825 - MainThread - DEBUG - wrapper:46 - Entering update_resource_info
2026-03-24 21:59:52,842 - MainThread - DEBUG - wrapper:49 - Exiting update_resource_info successfully
2026-03-24 21:59:53,842 - MainThread - DEBUG - wrapper:46 - Entering update_resource_info
2026-03-24 21:59:53,860 - MainThread - DEBUG - wrapper:49 - Exiting update_resource_info successfully
2026-03-24 21:59:54,860 - MainThread - DEBUG - wrapper:46 - Entering update_resource_info
2026-03-24 21:59:54,873 - MainThread - DEBUG - wrapper:49 - Exiting update_resource_info successfully
2026-03-24 21:59:55,873 - MainThread - DEBUG - wrapper:46 - Entering update_resource_info
2026-03-24 21:59:55,892 - MainThread - DEBUG - wrapper:49 - Exiting update_resource_info successfully
2026-03-24 21:59:56,892 - MainThread - DEBUG - wrapper:46 - Entering update_resource_info
2026-03-24 21:59:56,911 - MainThread - DEBUG - wrapper:49 - Exiting update_resource_info successfully
2026-03-24 21:59:57,911 - MainThread - DEBUG - wrapper:46 - Entering update_resource_info
2026-03-24 21:59:57,928 - MainThread - DEBUG - wrapper:49 - Exiting update_resource_info successfully
2026-03-24 21:59:58,929 - MainThread - DEBUG - wrapper:46 - Entering update_resource_info
2026-03-24 21:59:58,945 - MainThread - DEBUG - wrapper:49 - Exiting update_resource_info successfully
2026-03-24 21:59:59,945 - MainThread - DEBUG - wrapper:46 - Entering update_resource_info
2026-03-24 21:59:59,961 - MainThread - DEBUG - wrapper:49 - Exiting update_resource_info successfully
2026-03-24 22:00:00,962 - MainThread - DEBUG - wrapper:46 - Entering update_resource_info
2026-03-24 22:00:00,977 - MainThread - DEBUG - wrapper:49 - Exiting update_resource_info successfully
2026-03-24 22:00:01,977 - MainThread - DEBUG - wrapper:46 - Entering update_resource_info
2026-03-24 22:00:01,994 - MainThread - DEBUG - wrapper:49 - Exiting update_resource_info successfully
2026-03-24 22:00:02,994 - MainThread - DEBUG - wrapper:46 - Entering update_resource_info
2026-03-24 22:00:03,012 - MainThread - DEBUG - wrapper:49 - Exiting update_resource_info successfully
2026-03-24 22:00:04,012 - MainThread - DEBUG - wrapper:46 - Entering update_resource_info
2026-03-24 22:00:04,026 - MainThread - DEBUG - wrapper:49 - Exiting update_resource_info successfully
2026-03-24 22:00:05,026 - MainThread - DEBUG - wrapper:46 - Entering update_resource_info
2026-03-24 22:00:05,045 - MainThread - DEBUG - wrapper:49 - Exiting update_resource_info successfully
2026-03-24 22:00:06,045 - MainThread - DEBUG - wrapper:46 - Entering update_resource_info
2026-03-24 22:00:06,064 - MainThread - DEBUG - wrapper:49 - Exiting update_resource_info successfully
2026-03-24 22:00:07,064 - MainThread - DEBUG - wrapper:46 - Entering update_resource_info
2026-03-24 22:00:07,076 - MainThread - DEBUG - wrapper:49 - Exiting update_resource_info successfully
2026-03-24 22:00:08,076 - MainThread - DEBUG - wrapper:46 - Entering update_resource_info
2026-03-24 22:00:08,092 - MainThread - DEBUG - wrapper:49 - Exiting update_resource_info successfully
2026-03-24 22:00:09,092 - MainThread - DEBUG - wrapper:46 - Entering update_resource_info
2026-03-24 22:00:09,112 - MainThread - DEBUG - wrapper:49 - Exiting update_resource_info successfully
2026-03-24 22:00:10,112 - MainThread - DEBUG - wrapper:46 - Entering update_resource_info
2026-03-24 22:00:10,120 - MainThread - DEBUG - wrapper:49 - Exiting update_resource_info successfully
2026-03-24 22:00:11,121 - MainThread - DEBUG - wrapper:46 - Entering update_resource_info
2026-03-24 22:00:11,134 - MainThread - DEBUG - wrapper:49 - Exiting update_resource_info successfully
2026-03-24 22:00:12,135 - MainThread - DEBUG - wrapper:46 - Entering update_resource_info
2026-03-24 22:00:12,153 - MainThread - DEBUG - wrapper:49 - Exiting update_resource_info successfully
2026-03-24 22:00:13,153 - MainThread - DEBUG - wrapper:46 - Entering update_resource_info
2026-03-24 22:00:13,167 - MainThread - DEBUG - wrapper:49 - Exiting update_resource_info successfully
2026-03-24 22:00:14,167 - MainThread - DEBUG - wrapper:46 - Entering update_resource_info
2026-03-24 22:00:14,185 - MainThread - DEBUG - wrapper:49 - Exiting update_resource_info successfully
2026-03-24 22:00:15,185 - MainThread - DEBUG - wrapper:46 - Entering update_resource_info
2026-03-24 22:00:15,204 - MainThread - DEBUG - wrapper:49 - Exiting update_resource_info successfully
2026-03-24 22:00:16,204 - MainThread - DEBUG - wrapper:46 - Entering update_resource_info
2026-03-24 22:00:16,222 - MainThread - DEBUG - wrapper:49 - Exiting update_resource_info successfully
2026-03-24 22:00:17,222 - MainThread - DEBUG - wrapper:46 - Entering update_resource_info
2026-03-24 22:00:17,239 - MainThread - DEBUG - wrapper:49 - Exiting update_resource_info successfully
2026-03-24 22:00:18,239 - MainThread - DEBUG - wrapper:46 - Entering update_resource_info
2026-03-24 22:00:18,256 - MainThread - DEBUG - wrapper:49 - Exiting update_resource_info successfully
2026-03-24 22:00:19,256 - MainThread - DEBUG - wrapper:46 - Entering update_resource_info
2026-03-24 22:00:19,271 - MainThread - DEBUG - wrapper:49 - Exiting update_resource_info successfully
2026-03-24 22:00:20,271 - MainThread - DEBUG - wrapper:46 - Entering update_resource_info
2026-03-24 22:00:20,282 - MainThread - DEBUG - wrapper:49 - Exiting update_resource_info successfully
2026-03-24 22:00:21,282 - MainThread - DEBUG - wrapper:46 - Entering update_resource_info
2026-03-24 22:00:21,299 - MainThread - DEBUG - wrapper:49 - Exiting update_resource_info successfully
2026-03-24 22:00:22,299 - MainThread - DEBUG - wrapper:46 - Entering update_resource_info
2026-03-24 22:00:22,315 - MainThread - DEBUG - wrapper:49 - Exiting update_resource_info successfully
2026-03-24 22:00:23,315 - MainThread - DEBUG - wrapper:46 - Entering update_resource_info
2026-03-24 22:00:23,332 - MainThread - DEBUG - wrapper:49 - Exiting update_resource_info successfully
2026-03-24 22:00:24,332 - MainThread - DEBUG - wrapper:46 - Entering update_resource_info
2026-03-24 22:00:24,347 - MainThread - DEBUG - wrapper:49 - Exiting update_resource_info successfully
2026-03-24 22:00:25,347 - MainThread - DEBUG - wrapper:46 - Entering update_resource_info
2026-03-24 22:00:25,365 - MainThread - DEBUG - wrapper:49 - Exiting update_resource_info successfully
2026-03-24 22:00:26,365 - MainThread - DEBUG - wrapper:46 - Entering update_resource_info
2026-03-24 22:00:26,379 - MainThread - DEBUG - wrapper:49 - Exiting update_resource_info successfully
2026-03-24 22:00:27,379 - MainThread - DEBUG - wrapper:46 - Entering update_resource_info
2026-03-24 22:00:27,395 - MainThread - DEBUG - wrapper:49 - Exiting update_resource_info successfully
2026-03-24 22:00:28,395 - MainThread - DEBUG - wrapper:46 - Entering update_resource_info
2026-03-24 22:00:28,412 - MainThread - DEBUG - wrapper:49 - Exiting update_resource_info successfully
2026-03-24 22:00:29,412 - MainThread - DEBUG - wrapper:46 - Entering update_resource_info
2026-03-24 22:00:29,430 - MainThread - DEBUG - wrapper:49 - Exiting update_resource_info successfully
2026-03-24 22:00:30,430 - MainThread - DEBUG - wrapper:46 - Entering update_resource_info
2026-03-24 22:00:30,445 - MainThread - DEBUG - wrapper:49 - Exiting update_resource_info successfully
2026-03-24 22:00:31,445 - MainThread - DEBUG - wrapper:46 - Entering update_resource_info
2026-03-24 22:00:31,462 - MainThread - DEBUG - wrapper:49 - Exiting update_resource_info successfully
2026-03-24 22:00:32,462 - MainThread - DEBUG - wrapper:46 - Entering update_resource_info
2026-03-24 22:00:32,480 - MainThread - DEBUG - wrapper:49 - Exiting update_resource_info successfully
2026-03-24 22:00:33,480 - MainThread - DEBUG - wrapper:46 - Entering update_resource_info
2026-03-24 22:00:33,493 - MainThread - DEBUG - wrapper:49 - Exiting update_resource_info successfully
2026-03-24 22:00:34,494 - MainThread - DEBUG - wrapper:46 - Entering update_resource_info
2026-03-24 22:00:34,510 - MainThread - DEBUG - wrapper:49 - Exiting update_resource_info successfully
2026-03-24 22:00:35,510 - MainThread - DEBUG - wrapper:46 - Entering update_resource_info
2026-03-24 22:00:35,527 - MainThread - DEBUG - wrapper:49 - Exiting update_resource_info successfully
2026-03-24 22:00:36,527 - MainThread - DEBUG - wrapper:46 - Entering update_resource_info
2026-03-24 22:00:36,543 - MainThread - DEBUG - wrapper:49 - Exiting update_resource_info successfully
2026-03-24 22:00:37,543 - MainThread - DEBUG - wrapper:46 - Entering update_resource_info
2026-03-24 22:00:37,560 - MainThread - DEBUG - wrapper:49 - Exiting update_resource_info successfully
2026-03-24 22:00:38,560 - MainThread - DEBUG - wrapper:46 - Entering update_resource_info
2026-03-24 22:00:38,575 - MainThread - DEBUG - wrapper:49 - Exiting update_resource_info successfully
2026-03-24 22:00:39,575 - MainThread - DEBUG - wrapper:46 - Entering update_resource_info
2026-03-24 22:00:39,593 - MainThread - DEBUG - wrapper:49 - Exiting update_resource_info successfully
2026-03-24 22:00:40,593 - MainThread - DEBUG - wrapper:46 - Entering update_resource_info
2026-03-24 22:00:40,608 - MainThread - DEBUG - wrapper:49 - Exiting update_resource_info successfully
2026-03-24 22:00:41,608 - MainThread - DEBUG - wrapper:46 - Entering update_resource_info
2026-03-24 22:00:41,629 - MainThread - DEBUG - wrapper:49 - Exiting update_resource_info successfully
2026-03-24 22:00:42,629 - MainThread - DEBUG - wrapper:46 - Entering update_resource_info
2026-03-24 22:00:42,644 - MainThread - DEBUG - wrapper:49 - Exiting update_resource_info successfully
2026-03-24 22:00:43,644 - MainThread - DEBUG - wrapper:46 - Entering update_resource_info
2026-03-24 22:00:43,660 - MainThread - DEBUG - wrapper:49 - Exiting update_resource_info successfully
2026-03-24 22:00:44,660 - MainThread - DEBUG - wrapper:46 - Entering update_resource_info
2026-03-24 22:00:44,677 - MainThread - DEBUG - wrapper:49 - Exiting update_resource_info successfully
2026-03-24 22:00:44,774 - MainThread - DEBUG - on_terminal_btn_press:327 - Terminal button pressed
2026-03-24 22:00:44,885 - MainThread - DEBUG - on_terminal_btn_release:449 - Terminal button released after 111.501953125ms
2026-03-24 22:00:44,896 - MainThread - DEBUG - wrapper:46 - Entering run_in_terminal
2026-03-24 22:00:44,896 - MainThread - INFO - run_in_terminal:705 - Opening script in terminal: merge_launch
2026-03-24 22:00:44,902 - MainThread - DEBUG - wrapper:49 - Exiting run_in_terminal successfully
2026-03-24 22:00:44,979 - MainThread - DEBUG - wrapper:46 - Entering parse_ansi_text
2026-03-24 22:00:44,979 - MainThread - DEBUG - wrapper:49 - Exiting parse_ansi_text successfully
2026-03-24 22:00:44,979 - MainThread - DEBUG - wrapper:46 - Entering parse_ansi_text
2026-03-24 22:00:44,979 - MainThread - DEBUG - wrapper:49 - Exiting parse_ansi_text successfully
2026-03-24 22:00:45,081 - MainThread - DEBUG - wrapper:46 - Entering parse_ansi_text
2026-03-24 22:00:45,082 - MainThread - DEBUG - wrapper:49 - Exiting parse_ansi_text successfully
2026-03-24 22:00:45,678 - MainThread - DEBUG - wrapper:46 - Entering update_resource_info
2026-03-24 22:00:45,694 - MainThread - DEBUG - wrapper:49 - Exiting update_resource_info successfully
2026-03-24 22:00:46,694 - MainThread - DEBUG - wrapper:46 - Entering update_resource_info
2026-03-24 22:00:46,706 - MainThread - DEBUG - wrapper:49 - Exiting update_resource_info successfully
2026-03-24 22:00:47,707 - MainThread - DEBUG - wrapper:46 - Entering update_resource_info
2026-03-24 22:00:47,719 - MainThread - DEBUG - wrapper:49 - Exiting update_resource_info successfully
2026-03-24 22:00:48,719 - MainThread - DEBUG - wrapper:46 - Entering update_resource_info
2026-03-24 22:00:48,734 - MainThread - DEBUG - wrapper:49 - Exiting update_resource_info successfully
2026-03-24 22:00:49,734 - MainThread - DEBUG - wrapper:46 - Entering update_resource_info
2026-03-24 22:00:49,751 - MainThread - DEBUG - wrapper:49 - Exiting update_resource_info successfully
2026-03-24 22:00:50,751 - MainThread - DEBUG - wrapper:46 - Entering update_resource_info
2026-03-24 22:00:50,768 - MainThread - DEBUG - wrapper:49 - Exiting update_resource_info successfully
2026-03-24 22:00:51,769 - MainThread - DEBUG - wrapper:46 - Entering update_resource_info
2026-03-24 22:00:51,787 - MainThread - DEBUG - wrapper:49 - Exiting update_resource_info successfully
2026-03-24 22:00:52,788 - MainThread - DEBUG - wrapper:46 - Entering update_resource_info
2026-03-24 22:00:52,806 - MainThread - DEBUG - wrapper:49 - Exiting update_resource_info successfully
2026-03-24 22:00:53,806 - MainThread - DEBUG - wrapper:46 - Entering update_resource_info
2026-03-24 22:00:53,820 - MainThread - DEBUG - wrapper:49 - Exiting update_resource_info successfully
2026-03-24 22:00:54,820 - MainThread - DEBUG - wrapper:46 - Entering update_resource_info
2026-03-24 22:00:54,833 - MainThread - DEBUG - wrapper:49 - Exiting update_resource_info successfully
2026-03-24 22:00:55,833 - MainThread - DEBUG - wrapper:46 - Entering update_resource_info
2026-03-24 22:00:55,843 - MainThread - DEBUG - wrapper:49 - Exiting update_resource_info successfully
2026-03-24 22:00:56,843 - MainThread - DEBUG - wrapper:46 - Entering update_resource_info
2026-03-24 22:00:56,855 - MainThread - DEBUG - wrapper:49 - Exiting update_resource_info successfully
2026-03-24 22:00:57,856 - MainThread - DEBUG - wrapper:46 - Entering update_resource_info
2026-03-24 22:00:57,874 - MainThread - DEBUG - wrapper:49 - Exiting update_resource_info successfully
2026-03-24 22:00:58,875 - MainThread - DEBUG - wrapper:46 - Entering update_resource_info
2026-03-24 22:00:58,890 - MainThread - DEBUG - wrapper:49 - Exiting update_resource_info successfully
2026-03-24 22:00:59,890 - MainThread - DEBUG - wrapper:46 - Entering update_resource_info
2026-03-24 22:00:59,906 - MainThread - DEBUG - wrapper:49 - Exiting update_resource_info successfully
2026-03-24 22:01:00,906 - MainThread - DEBUG - wrapper:46 - Entering update_resource_info
2026-03-24 22:01:00,922 - MainThread - DEBUG - wrapper:49 - Exiting update_resource_info successfully
2026-03-24 22:01:01,922 - MainThread - DEBUG - wrapper:46 - Entering update_resource_info
2026-03-24 22:01:01,938 - MainThread - DEBUG - wrapper:49 - Exiting update_resource_info successfully
2026-03-24 22:01:02,938 - MainThread - DEBUG - wrapper:46 - Entering update_resource_info
2026-03-24 22:01:02,953 - MainThread - DEBUG - wrapper:49 - Exiting update_resource_info successfully
2026-03-24 22:01:03,953 - MainThread - DEBUG - wrapper:46 - Entering update_resource_info
2026-03-24 22:01:03,967 - MainThread - DEBUG - wrapper:49 - Exiting update_resource_info successfully
2026-03-24 22:01:04,968 - MainThread - DEBUG - wrapper:46 - Entering update_resource_info
2026-03-24 22:01:04,985 - MainThread - DEBUG - wrapper:49 - Exiting update_resource_info successfully
2026-03-24 22:01:05,985 - MainThread - DEBUG - wrapper:46 - Entering update_resource_info
2026-03-24 22:01:06,002 - MainThread - DEBUG - wrapper:49 - Exiting update_resource_info successfully
2026-03-24 22:01:07,002 - MainThread - DEBUG - wrapper:46 - Entering update_resource_info
2026-03-24 22:01:07,020 - MainThread - DEBUG - wrapper:49 - Exiting update_resource_info successfully
2026-03-24 22:01:08,020 - MainThread - DEBUG - wrapper:46 - Entering update_resource_info
2026-03-24 22:01:08,033 - MainThread - DEBUG - wrapper:49 - Exiting update_resource_info successfully
2026-03-24 22:01:09,034 - MainThread - DEBUG - wrapper:46 - Entering update_resource_info
2026-03-24 22:01:09,051 - MainThread - DEBUG - wrapper:49 - Exiting update_resource_info successfully
2026-03-24 22:01:10,051 - MainThread - DEBUG - wrapper:46 - Entering update_resource_info
2026-03-24 22:01:10,068 - MainThread - DEBUG - wrapper:49 - Exiting update_resource_info successfully
2026-03-24 22:01:11,068 - MainThread - DEBUG - wrapper:46 - Entering update_resource_info
2026-03-24 22:01:11,085 - MainThread - DEBUG - wrapper:49 - Exiting update_resource_info successfully
2026-03-24 22:01:12,086 - MainThread - DEBUG - wrapper:46 - Entering update_resource_info
2026-03-24 22:01:12,105 - MainThread - DEBUG - wrapper:49 - Exiting update_resource_info successfully
2026-03-24 22:01:13,105 - MainThread - DEBUG - wrapper:46 - Entering update_resource_info
2026-03-24 22:01:13,122 - MainThread - DEBUG - wrapper:49 - Exiting update_resource_info successfully
2026-03-24 22:01:14,122 - MainThread - DEBUG - wrapper:46 - Entering update_resource_info
2026-03-24 22:01:14,141 - MainThread - DEBUG - wrapper:49 - Exiting update_resource_info successfully
2026-03-24 22:01:15,141 - MainThread - DEBUG - wrapper:46 - Entering update_resource_info
2026-03-24 22:01:15,157 - MainThread - DEBUG - wrapper:49 - Exiting update_resource_info successfully
2026-03-24 22:01:16,157 - MainThread - DEBUG - wrapper:46 - Entering update_resource_info
2026-03-24 22:01:16,171 - MainThread - DEBUG - wrapper:49 - Exiting update_resource_info successfully
2026-03-24 22:01:17,171 - MainThread - DEBUG - wrapper:46 - Entering update_resource_info
2026-03-24 22:01:17,187 - MainThread - DEBUG - wrapper:49 - Exiting update_resource_info successfully
2026-03-24 22:01:18,187 - MainThread - DEBUG - wrapper:46 - Entering update_resource_info
2026-03-24 22:01:18,201 - MainThread - DEBUG - wrapper:49 - Exiting update_resource_info successfully
2026-03-24 22:01:19,201 - MainThread - DEBUG - wrapper:46 - Entering update_resource_info
2026-03-24 22:01:19,218 - MainThread - DEBUG - wrapper:49 - Exiting update_resource_info successfully
2026-03-24 22:01:20,218 - MainThread - DEBUG - wrapper:46 - Entering update_resource_info
2026-03-24 22:01:20,233 - MainThread - DEBUG - wrapper:49 - Exiting update_resource_info successfully
2026-03-24 22:01:21,233 - MainThread - DEBUG - wrapper:46 - Entering update_resource_info
2026-03-24 22:01:21,247 - MainThread - DEBUG - wrapper:49 - Exiting update_resource_info successfully
2026-03-24 22:01:22,247 - MainThread - DEBUG - wrapper:46 - Entering update_resource_info
2026-03-24 22:01:22,260 - MainThread - DEBUG - wrapper:49 - Exiting update_resource_info successfully
2026-03-24 22:01:23,261 - MainThread - DEBUG - wrapper:46 - Entering update_resource_info
2026-03-24 22:01:23,274 - MainThread - DEBUG - wrapper:49 - Exiting update_resource_info successfully
2026-03-24 22:01:24,274 - MainThread - DEBUG - wrapper:46 - Entering update_resource_info
2026-03-24 22:01:24,290 - MainThread - DEBUG - wrapper:49 - Exiting update_resource_info successfully
2026-03-24 22:01:25,290 - MainThread - DEBUG - wrapper:46 - Entering update_resource_info
2026-03-24 22:01:25,305 - MainThread - DEBUG - wrapper:49 - Exiting update_resource_info successfully
2026-03-24 22:01:26,306 - MainThread - DEBUG - wrapper:46 - Entering update_resource_info
2026-03-24 22:01:26,320 - MainThread - DEBUG - wrapper:49 - Exiting update_resource_info successfully
2026-03-24 22:01:27,320 - MainThread - DEBUG - wrapper:46 - Entering update_resource_info
2026-03-24 22:01:27,332 - MainThread - DEBUG - wrapper:49 - Exiting update_resource_info successfully
2026-03-24 22:01:28,333 - MainThread - DEBUG - wrapper:46 - Entering update_resource_info
2026-03-24 22:01:28,349 - MainThread - DEBUG - wrapper:49 - Exiting update_resource_info successfully
2026-03-24 22:01:29,349 - MainThread - DEBUG - wrapper:46 - Entering update_resource_info
2026-03-24 22:01:29,366 - MainThread - DEBUG - wrapper:49 - Exiting update_resource_info successfully
2026-03-24 22:01:30,366 - MainThread - DEBUG - wrapper:46 - Entering update_resource_info
2026-03-24 22:01:30,381 - MainThread - DEBUG - wrapper:49 - Exiting update_resource_info successfully
2026-03-24 22:01:31,381 - MainThread - DEBUG - wrapper:46 - Entering update_resource_info
2026-03-24 22:01:31,398 - MainThread - DEBUG - wrapper:49 - Exiting update_resource_info successfully
2026-03-24 22:01:32,398 - MainThread - DEBUG - wrapper:46 - Entering update_resource_info
2026-03-24 22:01:32,412 - MainThread - DEBUG - wrapper:49 - Exiting update_resource_info successfully
2026-03-24 22:01:33,413 - MainThread - DEBUG - wrapper:46 - Entering update_resource_info
2026-03-24 22:01:33,429 - MainThread - DEBUG - wrapper:49 - Exiting update_resource_info successfully
2026-03-24 22:01:34,429 - MainThread - DEBUG - wrapper:46 - Entering update_resource_info
2026-03-24 22:01:34,443 - MainThread - DEBUG - wrapper:49 - Exiting update_resource_info successfully
2026-03-24 22:01:35,443 - MainThread - DEBUG - wrapper:46 - Entering update_resource_info
2026-03-24 22:01:35,458 - MainThread - DEBUG - wrapper:49 - Exiting update_resource_info successfully
2026-03-24 22:01:36,458 - MainThread - DEBUG - wrapper:46 - Entering update_resource_info
2026-03-24 22:01:36,470 - MainThread - DEBUG - wrapper:49 - Exiting update_resource_info successfully
2026-03-24 22:01:37,470 - MainThread - DEBUG - wrapper:46 - Entering update_resource_info
2026-03-24 22:01:37,486 - MainThread - DEBUG - wrapper:49 - Exiting update_resource_info successfully
2026-03-24 22:01:38,486 - MainThread - DEBUG - wrapper:46 - Entering update_resource_info
2026-03-24 22:01:38,502 - MainThread - DEBUG - wrapper:49 - Exiting update_resource_info successfully
2026-03-24 22:01:39,502 - MainThread - DEBUG - wrapper:46 - Entering update_resource_info
2026-03-24 22:01:39,519 - MainThread - DEBUG - wrapper:49 - Exiting update_resource_info successfully
2026-03-24 22:01:40,519 - MainThread - DEBUG - wrapper:46 - Entering update_resource_info
2026-03-24 22:01:40,531 - MainThread - DEBUG - wrapper:49 - Exiting update_resource_info successfully
2026-03-24 22:01:41,531 - MainThread - DEBUG - wrapper:46 - Entering update_resource_info
2026-03-24 22:01:41,546 - MainThread - DEBUG - wrapper:49 - Exiting update_resource_info successfully
2026-03-24 22:01:42,546 - MainThread - DEBUG - wrapper:46 - Entering update_resource_info
2026-03-24 22:01:42,565 - MainThread - DEBUG - wrapper:49 - Exiting update_resource_info successfully
2026-03-24 22:01:43,565 - MainThread - DEBUG - wrapper:46 - Entering update_resource_info
2026-03-24 22:01:43,582 - MainThread - DEBUG - wrapper:49 - Exiting update_resource_info successfully
2026-03-24 22:01:44,583 - MainThread - DEBUG - wrapper:46 - Entering update_resource_info
2026-03-24 22:01:44,600 - MainThread - DEBUG - wrapper:49 - Exiting update_resource_info successfully
2026-03-24 22:01:45,601 - MainThread - DEBUG - wrapper:46 - Entering update_resource_info
2026-03-24 22:01:45,616 - MainThread - DEBUG - wrapper:49 - Exiting update_resource_info successfully
2026-03-24 22:01:46,616 - MainThread - DEBUG - wrapper:46 - Entering update_resource_info
2026-03-24 22:01:46,634 - MainThread - DEBUG - wrapper:49 - Exiting update_resource_info successfully
2026-03-24 22:01:47,634 - MainThread - DEBUG - wrapper:46 - Entering update_resource_info
2026-03-24 22:01:47,653 - MainThread - DEBUG - wrapper:49 - Exiting update_resource_info successfully
2026-03-24 22:01:48,653 - MainThread - DEBUG - wrapper:46 - Entering update_resource_info
2026-03-24 22:01:48,676 - MainThread - DEBUG - wrapper:49 - Exiting update_resource_info successfully
2026-03-24 22:01:49,676 - MainThread - DEBUG - wrapper:46 - Entering update_resource_info
2026-03-24 22:01:49,691 - MainThread - DEBUG - wrapper:49 - Exiting update_resource_info successfully
2026-03-24 22:01:50,692 - MainThread - DEBUG - wrapper:46 - Entering update_resource_info
2026-03-24 22:01:50,709 - MainThread - DEBUG - wrapper:49 - Exiting update_resource_info successfully
2026-03-24 22:01:51,709 - MainThread - DEBUG - wrapper:46 - Entering update_resource_info
2026-03-24 22:01:51,725 - MainThread - DEBUG - wrapper:49 - Exiting update_resource_info successfully
2026-03-24 22:01:52,725 - MainThread - DEBUG - wrapper:46 - Entering update_resource_info
2026-03-24 22:01:52,742 - MainThread - DEBUG - wrapper:49 - Exiting update_resource_info successfully
2026-03-24 22:01:53,742 - MainThread - DEBUG - wrapper:46 - Entering update_resource_info
2026-03-24 22:01:53,761 - MainThread - DEBUG - wrapper:49 - Exiting update_resource_info successfully
2026-03-24 22:01:54,761 - MainThread - DEBUG - wrapper:46 - Entering update_resource_info
2026-03-24 22:01:54,778 - MainThread - DEBUG - wrapper:49 - Exiting update_resource_info successfully
2026-03-24 22:01:55,778 - MainThread - DEBUG - wrapper:46 - Entering update_resource_info
2026-03-24 22:01:55,797 - MainThread - DEBUG - wrapper:49 - Exiting update_resource_info successfully
2026-03-24 22:01:56,797 - MainThread - DEBUG - wrapper:46 - Entering update_resource_info
2026-03-24 22:01:56,814 - MainThread - DEBUG - wrapper:49 - Exiting update_resource_info successfully
2026-03-24 22:01:57,814 - MainThread - DEBUG - wrapper:46 - Entering update_resource_info
2026-03-24 22:01:57,833 - MainThread - DEBUG - wrapper:49 - Exiting update_resource_info successfully
2026-03-24 22:01:58,833 - MainThread - DEBUG - wrapper:46 - Entering update_resource_info
2026-03-24 22:01:58,851 - MainThread - DEBUG - wrapper:49 - Exiting update_resource_info successfully
2026-03-24 22:01:59,851 - MainThread - DEBUG - wrapper:46 - Entering update_resource_info
2026-03-24 22:01:59,867 - MainThread - DEBUG - wrapper:49 - Exiting update_resource_info successfully
2026-03-24 22:02:00,868 - MainThread - DEBUG - wrapper:46 - Entering update_resource_info
2026-03-24 22:02:00,882 - MainThread - DEBUG - wrapper:49 - Exiting update_resource_info successfully
2026-03-24 22:02:01,883 - MainThread - DEBUG - wrapper:46 - Entering update_resource_info
2026-03-24 22:02:01,901 - MainThread - DEBUG - wrapper:49 - Exiting update_resource_info successfully
2026-03-24 22:02:02,901 - MainThread - DEBUG - wrapper:46 - Entering update_resource_info
2026-03-24 22:02:02,920 - MainThread - DEBUG - wrapper:49 - Exiting update_resource_info successfully
2026-03-24 22:02:03,921 - MainThread - DEBUG - wrapper:46 - Entering update_resource_info
2026-03-24 22:02:03,938 - MainThread - DEBUG - wrapper:49 - Exiting update_resource_info successfully
2026-03-24 22:02:04,938 - MainThread - DEBUG - wrapper:46 - Entering update_resource_info
2026-03-24 22:02:04,956 - MainThread - DEBUG - wrapper:49 - Exiting update_resource_info successfully
2026-03-24 22:02:05,957 - MainThread - DEBUG - wrapper:46 - Entering update_resource_info
2026-03-24 22:02:05,975 - MainThread - DEBUG - wrapper:49 - Exiting update_resource_info successfully
2026-03-24 22:02:06,975 - MainThread - DEBUG - wrapper:46 - Entering update_resource_info
2026-03-24 22:02:06,988 - MainThread - DEBUG - wrapper:49 - Exiting update_resource_info successfully
2026-03-24 22:02:07,989 - MainThread - DEBUG - wrapper:46 - Entering update_resource_info
2026-03-24 22:02:08,007 - MainThread - DEBUG - wrapper:49 - Exiting update_resource_info successfully
2026-03-24 22:02:09,007 - MainThread - DEBUG - wrapper:46 - Entering update_resource_info
2026-03-24 22:02:09,019 - MainThread - DEBUG - wrapper:49 - Exiting update_resource_info successfully
2026-03-24 22:02:10,019 - MainThread - DEBUG - wrapper:46 - Entering update_resource_info
2026-03-24 22:02:10,037 - MainThread - DEBUG - wrapper:49 - Exiting update_resource_info successfully
2026-03-24 22:02:10,072 - MainThread - DEBUG - wrapper:46 - Entering open_script_console
2026-03-24 22:02:10,072 - MainThread - INFO - open_script_console:2336 - Opening console for roscore
2026-03-24 22:02:10,072 - MainThread - INFO - __init__:75 - Creating console tab for roscore
2026-03-24 22:02:10,122 - MainThread - DEBUG - wrapper:49 - Exiting open_script_console successfully
2026-03-24 22:02:10,173 - MainThread - DEBUG - wrapper:46 - Entering parse_ansi_text
2026-03-24 22:02:10,174 - MainThread - DEBUG - wrapper:49 - Exiting parse_ansi_text successfully
2026-03-24 22:02:10,174 - MainThread - DEBUG - wrapper:46 - Entering parse_ansi_text
2026-03-24 22:02:10,174 - MainThread - DEBUG - wrapper:49 - Exiting parse_ansi_text successfully
2026-03-24 22:02:11,037 - MainThread - DEBUG - wrapper:46 - Entering update_resource_info
2026-03-24 22:02:11,054 - MainThread - DEBUG - wrapper:49 - Exiting update_resource_info successfully
2026-03-24 22:02:12,054 - MainThread - DEBUG - wrapper:46 - Entering update_resource_info
2026-03-24 22:02:12,071 - MainThread - DEBUG - wrapper:49 - Exiting update_resource_info successfully
2026-03-24 22:02:12,368 - MainThread - DEBUG - wrapper:46 - Entering open_script_console
2026-03-24 22:02:12,368 - MainThread - INFO - open_script_console:2336 - Opening console for merge_node
2026-03-24 22:02:12,369 - MainThread - INFO - __init__:75 - Creating console tab for merge_node
2026-03-24 22:02:12,422 - MainThread - DEBUG - wrapper:49 - Exiting open_script_console successfully
2026-03-24 22:02:12,469 - MainThread - DEBUG - wrapper:46 - Entering parse_ansi_text
2026-03-24 22:02:12,470 - MainThread - DEBUG - wrapper:49 - Exiting parse_ansi_text successfully
2026-03-24 22:02:12,470 - MainThread - DEBUG - wrapper:46 - Entering parse_ansi_text
2026-03-24 22:02:12,470 - MainThread - DEBUG - wrapper:49 - Exiting parse_ansi_text successfully
2026-03-24 22:02:13,072 - MainThread - DEBUG - wrapper:46 - Entering update_resource_info
2026-03-24 22:02:13,090 - MainThread - DEBUG - wrapper:49 - Exiting update_resource_info successfully
2026-03-24 22:02:14,090 - MainThread - DEBUG - wrapper:46 - Entering update_resource_info
2026-03-24 22:02:14,108 - MainThread - DEBUG - wrapper:49 - Exiting update_resource_info successfully
2026-03-24 22:02:15,108 - MainThread - DEBUG - wrapper:46 - Entering update_resource_info
2026-03-24 22:02:15,125 - MainThread - DEBUG - wrapper:49 - Exiting update_resource_info successfully
2026-03-24 22:02:16,125 - MainThread - DEBUG - wrapper:46 - Entering update_resource_info
2026-03-24 22:02:16,143 - MainThread - DEBUG - wrapper:49 - Exiting update_resource_info successfully
2026-03-24 22:02:17,143 - MainThread - DEBUG - wrapper:46 - Entering update_resource_info
2026-03-24 22:02:17,157 - MainThread - DEBUG - wrapper:49 - Exiting update_resource_info successfully
2026-03-24 22:02:18,157 - MainThread - DEBUG - wrapper:46 - Entering update_resource_info
2026-03-24 22:02:18,175 - MainThread - DEBUG - wrapper:49 - Exiting update_resource_info successfully
2026-03-24 22:02:19,175 - MainThread - DEBUG - wrapper:46 - Entering update_resource_info
2026-03-24 22:02:19,191 - MainThread - DEBUG - wrapper:49 - Exiting update_resource_info successfully
2026-03-24 22:02:19,479 - MainThread - INFO - <module>:2606 - Received keyboard interrupt
2026-03-24 22:02:19,479 - MainThread - DEBUG - wrapper:46 - Entering cleanup_and_exit
2026-03-24 22:02:19,480 - MainThread - INFO - cleanup_and_exit:1639 - Starting cleanup and exit
2026-03-24 22:02:19,480 - MainThread - INFO - cleanup_and_exit:1644 - Destroying main window
2026-03-24 22:02:19,506 - MainThread - INFO - destroy:141 - Destroying console tab for merge_launch
2026-03-24 22:02:19,509 - MainThread - INFO - destroy:141 - Destroying console tab for roscore
2026-03-24 22:02:19,512 - MainThread - INFO - destroy:141 - Destroying console tab for merge_node
2026-03-24 22:02:19,517 - MainThread - INFO - cleanup_and_exit:1646 - Exiting application
