2026-03-25 21:36:35,893 - MainThread - INFO - <module>:2587 - Starting application
2026-03-25 21:36:35,970 - MainThread - INFO - __init__:1581 - Initializing ScriptRunnerApp
2026-03-25 21:36:36,001 - MainThread - DEBUG - wrapper:46 - Entering create_welcome_tab
2026-03-25 21:36:36,065 - MainThread - DEBUG - wrapper:46 - Entering update_resource_info
2026-03-25 21:36:36,082 - MainThread - DEBUG - wrapper:49 - Exiting update_resource_info successfully
2026-03-25 21:36:36,082 - MainThread - DEBUG - wrapper:49 - Exiting create_welcome_tab successfully
2026-03-25 21:36:36,083 - MainThread - DEBUG - wrapper:46 - Entering load_scripts
2026-03-25 21:36:36,228 - MainThread - DEBUG - wrapper:49 - Exiting load_scripts successfully
2026-03-25 21:36:36,233 - MainThread - INFO - show_debug_info:1619 - 
调试模式已启用
日志文件: /home/maple/study3/merge_ws37/src/merge/shell_monitor/logs/debug_20260325_213635.log
Python版本: 3.8.10 (default, Mar 18 2025, 20:04:55) 
[GCC 9.4.0]
平台: Linux-5.15.0-139-generic-x86_64-with-glibc2.29
进程ID: 9001
线程: MainThread

2026-03-25 21:36:36,266 - MainThread - INFO - <module>:2603 - Starting main loop
2026-03-25 21:36:37,082 - MainThread - DEBUG - wrapper:46 - Entering update_resource_info
2026-03-25 21:36:37,101 - MainThread - DEBUG - wrapper:49 - Exiting update_resource_info successfully
2026-03-25 21:36:38,101 - MainThread - DEBUG - wrapper:46 - Entering update_resource_info
2026-03-25 21:36:38,120 - MainThread - DEBUG - wrapper:49 - Exiting update_resource_info successfully
2026-03-25 21:36:39,120 - MainThread - DEBUG - wrapper:46 - Entering update_resource_info
2026-03-25 21:36:39,136 - MainThread - DEBUG - wrapper:49 - Exiting update_resource_info successfully
2026-03-25 21:36:39,170 - MainThread - DEBUG - wrapper:46 - Entering open_script_console
2026-03-25 21:36:39,171 - MainThread - INFO - open_script_console:2336 - Opening console for MF
2026-03-25 21:36:39,171 - MainThread - INFO - __init__:75 - Creating console tab for MF
2026-03-25 21:36:39,231 - MainThread - DEBUG - wrapper:49 - Exiting open_script_console successfully
2026-03-25 21:36:39,272 - MainThread - DEBUG - wrapper:46 - Entering parse_ansi_text
2026-03-25 21:36:39,273 - MainThread - DEBUG - wrapper:49 - Exiting parse_ansi_text successfully
2026-03-25 21:36:39,273 - MainThread - DEBUG - wrapper:46 - Entering parse_ansi_text
2026-03-25 21:36:39,273 - MainThread - DEBUG - wrapper:49 - Exiting parse_ansi_text successfully
2026-03-25 21:36:40,136 - MainThread - DEBUG - wrapper:46 - Entering update_resource_info
2026-03-25 21:36:40,156 - MainThread - DEBUG - wrapper:49 - Exiting update_resource_info successfully
2026-03-25 21:36:40,939 - MainThread - DEBUG - on_terminal_btn_press:327 - Terminal button pressed
2026-03-25 21:36:41,058 - MainThread - DEBUG - on_terminal_btn_release:449 - Terminal button released after 119.470703125ms
2026-03-25 21:36:41,071 - MainThread - DEBUG - wrapper:46 - Entering run_in_terminal
2026-03-25 21:36:41,071 - MainThread - INFO - run_in_terminal:705 - Opening script in terminal: MF
2026-03-25 21:36:41,078 - MainThread - DEBUG - wrapper:49 - Exiting run_in_terminal successfully
2026-03-25 21:36:41,081 - MainThread - DEBUG - wrapper:46 - Entering parse_ansi_text
2026-03-25 21:36:41,082 - MainThread - DEBUG - wrapper:49 - Exiting parse_ansi_text successfully
2026-03-25 21:36:41,082 - MainThread - DEBUG - wrapper:46 - Entering parse_ansi_text
2026-03-25 21:36:41,082 - MainThread - DEBUG - wrapper:49 - Exiting parse_ansi_text successfully
2026-03-25 21:36:41,156 - MainThread - DEBUG - wrapper:46 - Entering update_resource_info
2026-03-25 21:36:41,174 - MainThread - DEBUG - wrapper:49 - Exiting update_resource_info successfully
2026-03-25 21:36:41,285 - MainThread - DEBUG - wrapper:46 - Entering parse_ansi_text
2026-03-25 21:36:41,286 - MainThread - DEBUG - wrapper:49 - Exiting parse_ansi_text successfully
2026-03-25 21:36:42,174 - MainThread - DEBUG - wrapper:46 - Entering update_resource_info
2026-03-25 21:36:42,195 - MainThread - DEBUG - wrapper:49 - Exiting update_resource_info successfully
2026-03-25 21:36:43,195 - MainThread - DEBUG - wrapper:46 - Entering update_resource_info
2026-03-25 21:36:43,215 - MainThread - DEBUG - wrapper:49 - Exiting update_resource_info successfully
2026-03-25 21:36:44,216 - MainThread - DEBUG - wrapper:46 - Entering update_resource_info
2026-03-25 21:36:44,234 - MainThread - DEBUG - wrapper:49 - Exiting update_resource_info successfully
2026-03-25 21:36:45,234 - MainThread - DEBUG - wrapper:46 - Entering update_resource_info
2026-03-25 21:36:45,252 - MainThread - DEBUG - wrapper:49 - Exiting update_resource_info successfully
2026-03-25 21:36:46,253 - MainThread - DEBUG - wrapper:46 - Entering update_resource_info
2026-03-25 21:36:46,271 - MainThread - DEBUG - wrapper:49 - Exiting update_resource_info successfully
2026-03-25 21:36:47,271 - MainThread - DEBUG - wrapper:46 - Entering update_resource_info
2026-03-25 21:36:47,290 - MainThread - DEBUG - wrapper:49 - Exiting update_resource_info successfully
2026-03-25 21:36:48,290 - MainThread - DEBUG - wrapper:46 - Entering update_resource_info
2026-03-25 21:36:48,311 - MainThread - DEBUG - wrapper:49 - Exiting update_resource_info successfully
2026-03-25 21:36:49,311 - MainThread - DEBUG - wrapper:46 - Entering update_resource_info
2026-03-25 21:36:49,330 - MainThread - DEBUG - wrapper:49 - Exiting update_resource_info successfully
2026-03-25 21:36:49,995 - MainThread - DEBUG - wrapper:46 - Entering open_script_console
2026-03-25 21:36:49,995 - MainThread - INFO - open_script_console:2336 - Opening console for merge_launch
2026-03-25 21:36:49,995 - MainThread - INFO - __init__:75 - Creating console tab for merge_launch
2026-03-25 21:36:50,048 - MainThread - DEBUG - wrapper:49 - Exiting open_script_console successfully
2026-03-25 21:36:50,096 - MainThread - DEBUG - wrapper:46 - Entering parse_ansi_text
2026-03-25 21:36:50,097 - MainThread - DEBUG - wrapper:49 - Exiting parse_ansi_text successfully
2026-03-25 21:36:50,097 - MainThread - DEBUG - wrapper:46 - Entering parse_ansi_text
2026-03-25 21:36:50,097 - MainThread - DEBUG - wrapper:49 - Exiting parse_ansi_text successfully
2026-03-25 21:36:50,331 - MainThread - DEBUG - wrapper:46 - Entering update_resource_info
2026-03-25 21:36:50,351 - MainThread - DEBUG - wrapper:49 - Exiting update_resource_info successfully
2026-03-25 21:36:51,352 - MainThread - DEBUG - wrapper:46 - Entering update_resource_info
2026-03-25 21:36:51,373 - MainThread - DEBUG - wrapper:49 - Exiting update_resource_info successfully
2026-03-25 21:36:52,373 - MainThread - DEBUG - wrapper:46 - Entering update_resource_info
2026-03-25 21:36:52,391 - MainThread - DEBUG - wrapper:49 - Exiting update_resource_info successfully
2026-03-25 21:36:53,266 - MainThread - DEBUG - on_terminal_btn_press:327 - Terminal button pressed
2026-03-25 21:36:53,346 - MainThread - DEBUG - on_terminal_btn_release:449 - Terminal button released after 79.622314453125ms
2026-03-25 21:36:53,357 - MainThread - DEBUG - wrapper:46 - Entering run_in_terminal
2026-03-25 21:36:53,357 - MainThread - INFO - run_in_terminal:705 - Opening script in terminal: merge_launch
2026-03-25 21:36:53,363 - MainThread - DEBUG - wrapper:49 - Exiting run_in_terminal successfully
2026-03-25 21:36:53,391 - MainThread - DEBUG - wrapper:46 - Entering update_resource_info
2026-03-25 21:36:53,407 - MainThread - DEBUG - wrapper:49 - Exiting update_resource_info successfully
2026-03-25 21:36:53,415 - MainThread - DEBUG - wrapper:46 - Entering parse_ansi_text
2026-03-25 21:36:53,416 - MainThread - DEBUG - wrapper:49 - Exiting parse_ansi_text successfully
2026-03-25 21:36:53,416 - MainThread - DEBUG - wrapper:46 - Entering parse_ansi_text
2026-03-25 21:36:53,416 - MainThread - DEBUG - wrapper:49 - Exiting parse_ansi_text successfully
2026-03-25 21:36:53,618 - MainThread - DEBUG - wrapper:46 - Entering parse_ansi_text
2026-03-25 21:36:53,619 - MainThread - DEBUG - wrapper:49 - Exiting parse_ansi_text successfully
2026-03-25 21:36:54,408 - MainThread - DEBUG - wrapper:46 - Entering update_resource_info
2026-03-25 21:36:54,422 - MainThread - DEBUG - wrapper:49 - Exiting update_resource_info successfully
2026-03-25 21:36:55,424 - MainThread - DEBUG - wrapper:46 - Entering update_resource_info
2026-03-25 21:36:55,437 - MainThread - DEBUG - wrapper:49 - Exiting update_resource_info successfully
2026-03-25 21:36:56,437 - MainThread - DEBUG - wrapper:46 - Entering update_resource_info
2026-03-25 21:36:56,455 - MainThread - DEBUG - wrapper:49 - Exiting update_resource_info successfully
2026-03-25 21:36:57,455 - MainThread - DEBUG - wrapper:46 - Entering update_resource_info
2026-03-25 21:36:57,470 - MainThread - DEBUG - wrapper:49 - Exiting update_resource_info successfully
2026-03-25 21:36:58,470 - MainThread - DEBUG - wrapper:46 - Entering update_resource_info
2026-03-25 21:36:58,483 - MainThread - DEBUG - wrapper:49 - Exiting update_resource_info successfully
2026-03-25 21:36:59,483 - MainThread - DEBUG - wrapper:46 - Entering update_resource_info
2026-03-25 21:36:59,499 - MainThread - DEBUG - wrapper:49 - Exiting update_resource_info successfully
2026-03-25 21:37:00,499 - MainThread - DEBUG - wrapper:46 - Entering update_resource_info
2026-03-25 21:37:00,517 - MainThread - DEBUG - wrapper:49 - Exiting update_resource_info successfully
2026-03-25 21:37:01,517 - MainThread - DEBUG - wrapper:46 - Entering update_resource_info
2026-03-25 21:37:01,533 - MainThread - DEBUG - wrapper:49 - Exiting update_resource_info successfully
2026-03-25 21:37:02,533 - MainThread - DEBUG - wrapper:46 - Entering update_resource_info
2026-03-25 21:37:02,550 - MainThread - DEBUG - wrapper:49 - Exiting update_resource_info successfully
2026-03-25 21:37:03,550 - MainThread - DEBUG - wrapper:46 - Entering update_resource_info
2026-03-25 21:37:03,564 - MainThread - DEBUG - wrapper:49 - Exiting update_resource_info successfully
2026-03-25 21:37:04,564 - MainThread - DEBUG - wrapper:46 - Entering update_resource_info
2026-03-25 21:37:04,578 - MainThread - DEBUG - wrapper:49 - Exiting update_resource_info successfully
2026-03-25 21:37:05,578 - MainThread - DEBUG - wrapper:46 - Entering update_resource_info
2026-03-25 21:37:05,594 - MainThread - DEBUG - wrapper:49 - Exiting update_resource_info successfully
2026-03-25 21:37:06,594 - MainThread - DEBUG - wrapper:46 - Entering update_resource_info
2026-03-25 21:37:06,608 - MainThread - DEBUG - wrapper:49 - Exiting update_resource_info successfully
2026-03-25 21:37:07,608 - MainThread - DEBUG - wrapper:46 - Entering update_resource_info
2026-03-25 21:37:07,624 - MainThread - DEBUG - wrapper:49 - Exiting update_resource_info successfully
2026-03-25 21:37:08,624 - MainThread - DEBUG - wrapper:46 - Entering update_resource_info
2026-03-25 21:37:08,639 - MainThread - DEBUG - wrapper:49 - Exiting update_resource_info successfully
2026-03-25 21:37:09,639 - MainThread - DEBUG - wrapper:46 - Entering update_resource_info
2026-03-25 21:37:09,655 - MainThread - DEBUG - wrapper:49 - Exiting update_resource_info successfully
2026-03-25 21:37:10,655 - MainThread - DEBUG - wrapper:46 - Entering update_resource_info
2026-03-25 21:37:10,667 - MainThread - DEBUG - wrapper:49 - Exiting update_resource_info successfully
2026-03-25 21:37:11,667 - MainThread - DEBUG - wrapper:46 - Entering update_resource_info
2026-03-25 21:37:11,682 - MainThread - DEBUG - wrapper:49 - Exiting update_resource_info successfully
2026-03-25 21:37:12,682 - MainThread - DEBUG - wrapper:46 - Entering update_resource_info
2026-03-25 21:37:12,699 - MainThread - DEBUG - wrapper:49 - Exiting update_resource_info successfully
2026-03-25 21:37:13,699 - MainThread - DEBUG - wrapper:46 - Entering update_resource_info
2026-03-25 21:37:13,718 - MainThread - DEBUG - wrapper:49 - Exiting update_resource_info successfully
2026-03-25 21:37:14,718 - MainThread - DEBUG - wrapper:46 - Entering update_resource_info
2026-03-25 21:37:14,731 - MainThread - DEBUG - wrapper:49 - Exiting update_resource_info successfully
2026-03-25 21:37:15,731 - MainThread - DEBUG - wrapper:46 - Entering update_resource_info
2026-03-25 21:37:15,746 - MainThread - DEBUG - wrapper:49 - Exiting update_resource_info successfully
2026-03-25 21:37:16,746 - MainThread - DEBUG - wrapper:46 - Entering update_resource_info
2026-03-25 21:37:16,762 - MainThread - DEBUG - wrapper:49 - Exiting update_resource_info successfully
2026-03-25 21:37:17,763 - MainThread - DEBUG - wrapper:46 - Entering update_resource_info
2026-03-25 21:37:17,776 - MainThread - DEBUG - wrapper:49 - Exiting update_resource_info successfully
2026-03-25 21:37:18,776 - MainThread - DEBUG - wrapper:46 - Entering update_resource_info
2026-03-25 21:37:18,793 - MainThread - DEBUG - wrapper:49 - Exiting update_resource_info successfully
2026-03-25 21:37:19,793 - MainThread - DEBUG - wrapper:46 - Entering update_resource_info
2026-03-25 21:37:19,808 - MainThread - DEBUG - wrapper:49 - Exiting update_resource_info successfully
2026-03-25 21:37:20,808 - MainThread - DEBUG - wrapper:46 - Entering update_resource_info
2026-03-25 21:37:20,819 - MainThread - DEBUG - wrapper:49 - Exiting update_resource_info successfully
2026-03-25 21:37:21,820 - MainThread - DEBUG - wrapper:46 - Entering update_resource_info
2026-03-25 21:37:21,836 - MainThread - DEBUG - wrapper:49 - Exiting update_resource_info successfully
2026-03-25 21:37:22,836 - MainThread - DEBUG - wrapper:46 - Entering update_resource_info
2026-03-25 21:37:22,850 - MainThread - DEBUG - wrapper:49 - Exiting update_resource_info successfully
2026-03-25 21:37:23,850 - MainThread - DEBUG - wrapper:46 - Entering update_resource_info
2026-03-25 21:37:23,865 - MainThread - DEBUG - wrapper:49 - Exiting update_resource_info successfully
2026-03-25 21:37:24,866 - MainThread - DEBUG - wrapper:46 - Entering update_resource_info
2026-03-25 21:37:24,880 - MainThread - DEBUG - wrapper:49 - Exiting update_resource_info successfully
2026-03-25 21:37:25,880 - MainThread - DEBUG - wrapper:46 - Entering update_resource_info
2026-03-25 21:37:25,896 - MainThread - DEBUG - wrapper:49 - Exiting update_resource_info successfully
2026-03-25 21:37:26,896 - MainThread - DEBUG - wrapper:46 - Entering update_resource_info
2026-03-25 21:37:26,911 - MainThread - DEBUG - wrapper:49 - Exiting update_resource_info successfully
2026-03-25 21:37:27,911 - MainThread - DEBUG - wrapper:46 - Entering update_resource_info
2026-03-25 21:37:27,922 - MainThread - DEBUG - wrapper:49 - Exiting update_resource_info successfully
2026-03-25 21:37:28,923 - MainThread - DEBUG - wrapper:46 - Entering update_resource_info
2026-03-25 21:37:28,939 - MainThread - DEBUG - wrapper:49 - Exiting update_resource_info successfully
2026-03-25 21:37:29,939 - MainThread - DEBUG - wrapper:46 - Entering update_resource_info
2026-03-25 21:37:29,955 - MainThread - DEBUG - wrapper:49 - Exiting update_resource_info successfully
2026-03-25 21:37:30,955 - MainThread - DEBUG - wrapper:46 - Entering update_resource_info
2026-03-25 21:37:30,967 - MainThread - DEBUG - wrapper:49 - Exiting update_resource_info successfully
2026-03-25 21:37:31,967 - MainThread - DEBUG - wrapper:46 - Entering update_resource_info
2026-03-25 21:37:31,982 - MainThread - DEBUG - wrapper:49 - Exiting update_resource_info successfully
2026-03-25 21:37:32,982 - MainThread - DEBUG - wrapper:46 - Entering update_resource_info
2026-03-25 21:37:32,996 - MainThread - DEBUG - wrapper:49 - Exiting update_resource_info successfully
2026-03-25 21:37:33,996 - MainThread - DEBUG - wrapper:46 - Entering update_resource_info
2026-03-25 21:37:34,012 - MainThread - DEBUG - wrapper:49 - Exiting update_resource_info successfully
2026-03-25 21:37:35,013 - MainThread - DEBUG - wrapper:46 - Entering update_resource_info
2026-03-25 21:37:35,026 - MainThread - DEBUG - wrapper:49 - Exiting update_resource_info successfully
2026-03-25 21:37:36,026 - MainThread - DEBUG - wrapper:46 - Entering update_resource_info
2026-03-25 21:37:36,043 - MainThread - DEBUG - wrapper:49 - Exiting update_resource_info successfully
2026-03-25 21:37:37,043 - MainThread - DEBUG - wrapper:46 - Entering update_resource_info
2026-03-25 21:37:37,057 - MainThread - DEBUG - wrapper:49 - Exiting update_resource_info successfully
2026-03-25 21:37:38,057 - MainThread - DEBUG - wrapper:46 - Entering update_resource_info
2026-03-25 21:37:38,072 - MainThread - DEBUG - wrapper:49 - Exiting update_resource_info successfully
2026-03-25 21:37:39,072 - MainThread - DEBUG - wrapper:46 - Entering update_resource_info
2026-03-25 21:37:39,088 - MainThread - DEBUG - wrapper:49 - Exiting update_resource_info successfully
2026-03-25 21:37:40,088 - MainThread - DEBUG - wrapper:46 - Entering update_resource_info
2026-03-25 21:37:40,107 - MainThread - DEBUG - wrapper:49 - Exiting update_resource_info successfully
2026-03-25 21:37:41,107 - MainThread - DEBUG - wrapper:46 - Entering update_resource_info
2026-03-25 21:37:41,120 - MainThread - DEBUG - wrapper:49 - Exiting update_resource_info successfully
2026-03-25 21:37:42,120 - MainThread - DEBUG - wrapper:46 - Entering update_resource_info
2026-03-25 21:37:42,132 - MainThread - DEBUG - wrapper:49 - Exiting update_resource_info successfully
2026-03-25 21:37:43,132 - MainThread - DEBUG - wrapper:46 - Entering update_resource_info
2026-03-25 21:37:43,144 - MainThread - DEBUG - wrapper:49 - Exiting update_resource_info successfully
2026-03-25 21:37:44,145 - MainThread - DEBUG - wrapper:46 - Entering update_resource_info
2026-03-25 21:37:44,158 - MainThread - DEBUG - wrapper:49 - Exiting update_resource_info successfully
2026-03-25 21:37:45,159 - MainThread - DEBUG - wrapper:46 - Entering update_resource_info
2026-03-25 21:37:45,173 - MainThread - DEBUG - wrapper:49 - Exiting update_resource_info successfully
2026-03-25 21:37:46,173 - MainThread - DEBUG - wrapper:46 - Entering update_resource_info
2026-03-25 21:37:46,185 - MainThread - DEBUG - wrapper:49 - Exiting update_resource_info successfully
2026-03-25 21:37:47,185 - MainThread - DEBUG - wrapper:46 - Entering update_resource_info
2026-03-25 21:37:47,202 - MainThread - DEBUG - wrapper:49 - Exiting update_resource_info successfully
2026-03-25 21:37:48,202 - MainThread - DEBUG - wrapper:46 - Entering update_resource_info
2026-03-25 21:37:48,218 - MainThread - DEBUG - wrapper:49 - Exiting update_resource_info successfully
2026-03-25 21:37:49,218 - MainThread - DEBUG - wrapper:46 - Entering update_resource_info
2026-03-25 21:37:49,233 - MainThread - DEBUG - wrapper:49 - Exiting update_resource_info successfully
2026-03-25 21:37:50,233 - MainThread - DEBUG - wrapper:46 - Entering update_resource_info
2026-03-25 21:37:50,248 - MainThread - DEBUG - wrapper:49 - Exiting update_resource_info successfully
2026-03-25 21:37:51,248 - MainThread - DEBUG - wrapper:46 - Entering update_resource_info
2026-03-25 21:37:51,262 - MainThread - DEBUG - wrapper:49 - Exiting update_resource_info successfully
2026-03-25 21:37:52,262 - MainThread - DEBUG - wrapper:46 - Entering update_resource_info
2026-03-25 21:37:52,277 - MainThread - DEBUG - wrapper:49 - Exiting update_resource_info successfully
2026-03-25 21:37:53,277 - MainThread - DEBUG - wrapper:46 - Entering update_resource_info
2026-03-25 21:37:53,292 - MainThread - DEBUG - wrapper:49 - Exiting update_resource_info successfully
2026-03-25 21:37:54,293 - MainThread - DEBUG - wrapper:46 - Entering update_resource_info
2026-03-25 21:37:54,307 - MainThread - DEBUG - wrapper:49 - Exiting update_resource_info successfully
2026-03-25 21:37:55,307 - MainThread - DEBUG - wrapper:46 - Entering update_resource_info
2026-03-25 21:37:55,319 - MainThread - DEBUG - wrapper:49 - Exiting update_resource_info successfully
2026-03-25 21:37:56,319 - MainThread - DEBUG - wrapper:46 - Entering update_resource_info
2026-03-25 21:37:56,336 - MainThread - DEBUG - wrapper:49 - Exiting update_resource_info successfully
2026-03-25 21:37:57,336 - MainThread - DEBUG - wrapper:46 - Entering update_resource_info
2026-03-25 21:37:57,349 - MainThread - DEBUG - wrapper:49 - Exiting update_resource_info successfully
2026-03-25 21:37:58,349 - MainThread - DEBUG - wrapper:46 - Entering update_resource_info
2026-03-25 21:37:58,363 - MainThread - DEBUG - wrapper:49 - Exiting update_resource_info successfully
2026-03-25 21:37:59,363 - MainThread - DEBUG - wrapper:46 - Entering update_resource_info
2026-03-25 21:37:59,378 - MainThread - DEBUG - wrapper:49 - Exiting update_resource_info successfully
2026-03-25 21:38:00,378 - MainThread - DEBUG - wrapper:46 - Entering update_resource_info
2026-03-25 21:38:00,392 - MainThread - DEBUG - wrapper:49 - Exiting update_resource_info successfully
2026-03-25 21:38:01,392 - MainThread - DEBUG - wrapper:46 - Entering update_resource_info
2026-03-25 21:38:01,409 - MainThread - DEBUG - wrapper:49 - Exiting update_resource_info successfully
2026-03-25 21:38:02,409 - MainThread - DEBUG - wrapper:46 - Entering update_resource_info
2026-03-25 21:38:02,424 - MainThread - DEBUG - wrapper:49 - Exiting update_resource_info successfully
2026-03-25 21:38:03,425 - MainThread - DEBUG - wrapper:46 - Entering update_resource_info
2026-03-25 21:38:03,440 - MainThread - DEBUG - wrapper:49 - Exiting update_resource_info successfully
2026-03-25 21:38:04,440 - MainThread - DEBUG - wrapper:46 - Entering update_resource_info
2026-03-25 21:38:04,453 - MainThread - DEBUG - wrapper:49 - Exiting update_resource_info successfully
2026-03-25 21:38:05,453 - MainThread - DEBUG - wrapper:46 - Entering update_resource_info
2026-03-25 21:38:05,468 - MainThread - DEBUG - wrapper:49 - Exiting update_resource_info successfully
2026-03-25 21:38:06,469 - MainThread - DEBUG - wrapper:46 - Entering update_resource_info
2026-03-25 21:38:06,481 - MainThread - DEBUG - wrapper:49 - Exiting update_resource_info successfully
2026-03-25 21:38:07,481 - MainThread - DEBUG - wrapper:46 - Entering update_resource_info
2026-03-25 21:38:07,494 - MainThread - DEBUG - wrapper:49 - Exiting update_resource_info successfully
2026-03-25 21:38:08,494 - MainThread - DEBUG - wrapper:46 - Entering update_resource_info
2026-03-25 21:38:08,510 - MainThread - DEBUG - wrapper:49 - Exiting update_resource_info successfully
2026-03-25 21:38:09,510 - MainThread - DEBUG - wrapper:46 - Entering update_resource_info
2026-03-25 21:38:09,524 - MainThread - DEBUG - wrapper:49 - Exiting update_resource_info successfully
2026-03-25 21:38:10,524 - MainThread - DEBUG - wrapper:46 - Entering update_resource_info
2026-03-25 21:38:10,539 - MainThread - DEBUG - wrapper:49 - Exiting update_resource_info successfully
2026-03-25 21:38:11,539 - MainThread - DEBUG - wrapper:46 - Entering update_resource_info
2026-03-25 21:38:11,552 - MainThread - DEBUG - wrapper:49 - Exiting update_resource_info successfully
2026-03-25 21:38:12,552 - MainThread - DEBUG - wrapper:46 - Entering update_resource_info
2026-03-25 21:38:12,566 - MainThread - DEBUG - wrapper:49 - Exiting update_resource_info successfully
2026-03-25 21:38:13,566 - MainThread - DEBUG - wrapper:46 - Entering update_resource_info
2026-03-25 21:38:13,581 - MainThread - DEBUG - wrapper:49 - Exiting update_resource_info successfully
2026-03-25 21:38:14,582 - MainThread - DEBUG - wrapper:46 - Entering update_resource_info
2026-03-25 21:38:14,597 - MainThread - DEBUG - wrapper:49 - Exiting update_resource_info successfully
2026-03-25 21:38:15,597 - MainThread - DEBUG - wrapper:46 - Entering update_resource_info
2026-03-25 21:38:15,611 - MainThread - DEBUG - wrapper:49 - Exiting update_resource_info successfully
2026-03-25 21:38:16,612 - MainThread - DEBUG - wrapper:46 - Entering update_resource_info
2026-03-25 21:38:16,626 - MainThread - DEBUG - wrapper:49 - Exiting update_resource_info successfully
2026-03-25 21:38:17,626 - MainThread - DEBUG - wrapper:46 - Entering update_resource_info
2026-03-25 21:38:17,643 - MainThread - DEBUG - wrapper:49 - Exiting update_resource_info successfully
2026-03-25 21:38:18,643 - MainThread - DEBUG - wrapper:46 - Entering update_resource_info
2026-03-25 21:38:18,656 - MainThread - DEBUG - wrapper:49 - Exiting update_resource_info successfully
2026-03-25 21:38:19,656 - MainThread - DEBUG - wrapper:46 - Entering update_resource_info
2026-03-25 21:38:19,672 - MainThread - DEBUG - wrapper:49 - Exiting update_resource_info successfully
2026-03-25 21:38:20,672 - MainThread - DEBUG - wrapper:46 - Entering update_resource_info
2026-03-25 21:38:20,687 - MainThread - DEBUG - wrapper:49 - Exiting update_resource_info successfully
2026-03-25 21:38:21,687 - MainThread - DEBUG - wrapper:46 - Entering update_resource_info
2026-03-25 21:38:21,701 - MainThread - DEBUG - wrapper:49 - Exiting update_resource_info successfully
2026-03-25 21:38:22,701 - MainThread - DEBUG - wrapper:46 - Entering update_resource_info
2026-03-25 21:38:22,718 - MainThread - DEBUG - wrapper:49 - Exiting update_resource_info successfully
2026-03-25 21:38:23,718 - MainThread - DEBUG - wrapper:46 - Entering update_resource_info
2026-03-25 21:38:23,730 - MainThread - DEBUG - wrapper:49 - Exiting update_resource_info successfully
2026-03-25 21:38:24,730 - MainThread - DEBUG - wrapper:46 - Entering update_resource_info
2026-03-25 21:38:24,746 - MainThread - DEBUG - wrapper:49 - Exiting update_resource_info successfully
2026-03-25 21:38:25,747 - MainThread - DEBUG - wrapper:46 - Entering update_resource_info
2026-03-25 21:38:25,762 - MainThread - DEBUG - wrapper:49 - Exiting update_resource_info successfully
2026-03-25 21:38:26,762 - MainThread - DEBUG - wrapper:46 - Entering update_resource_info
2026-03-25 21:38:26,778 - MainThread - DEBUG - wrapper:49 - Exiting update_resource_info successfully
2026-03-25 21:38:27,778 - MainThread - DEBUG - wrapper:46 - Entering update_resource_info
2026-03-25 21:38:27,793 - MainThread - DEBUG - wrapper:49 - Exiting update_resource_info successfully
2026-03-25 21:38:28,793 - MainThread - DEBUG - wrapper:46 - Entering update_resource_info
2026-03-25 21:38:28,810 - MainThread - DEBUG - wrapper:49 - Exiting update_resource_info successfully
2026-03-25 21:38:29,810 - MainThread - DEBUG - wrapper:46 - Entering update_resource_info
2026-03-25 21:38:29,823 - MainThread - DEBUG - wrapper:49 - Exiting update_resource_info successfully
2026-03-25 21:38:30,823 - MainThread - DEBUG - wrapper:46 - Entering update_resource_info
2026-03-25 21:38:30,838 - MainThread - DEBUG - wrapper:49 - Exiting update_resource_info successfully
2026-03-25 21:38:31,838 - MainThread - DEBUG - wrapper:46 - Entering update_resource_info
2026-03-25 21:38:31,854 - MainThread - DEBUG - wrapper:49 - Exiting update_resource_info successfully
2026-03-25 21:38:32,854 - MainThread - DEBUG - wrapper:46 - Entering update_resource_info
2026-03-25 21:38:32,870 - MainThread - DEBUG - wrapper:49 - Exiting update_resource_info successfully
2026-03-25 21:38:33,870 - MainThread - DEBUG - wrapper:46 - Entering update_resource_info
2026-03-25 21:38:33,886 - MainThread - DEBUG - wrapper:49 - Exiting update_resource_info successfully
2026-03-25 21:38:34,886 - MainThread - DEBUG - wrapper:46 - Entering update_resource_info
2026-03-25 21:38:34,899 - MainThread - DEBUG - wrapper:49 - Exiting update_resource_info successfully
2026-03-25 21:38:35,899 - MainThread - DEBUG - wrapper:46 - Entering update_resource_info
2026-03-25 21:38:35,917 - MainThread - DEBUG - wrapper:49 - Exiting update_resource_info successfully
2026-03-25 21:38:36,917 - MainThread - DEBUG - wrapper:46 - Entering update_resource_info
2026-03-25 21:38:36,932 - MainThread - DEBUG - wrapper:49 - Exiting update_resource_info successfully
2026-03-25 21:38:37,932 - MainThread - DEBUG - wrapper:46 - Entering update_resource_info
2026-03-25 21:38:37,946 - MainThread - DEBUG - wrapper:49 - Exiting update_resource_info successfully
2026-03-25 21:38:38,946 - MainThread - DEBUG - wrapper:46 - Entering update_resource_info
2026-03-25 21:38:38,960 - MainThread - DEBUG - wrapper:49 - Exiting update_resource_info successfully
2026-03-25 21:38:39,960 - MainThread - DEBUG - wrapper:46 - Entering update_resource_info
2026-03-25 21:38:39,972 - MainThread - DEBUG - wrapper:49 - Exiting update_resource_info successfully
2026-03-25 21:38:40,972 - MainThread - DEBUG - wrapper:46 - Entering update_resource_info
2026-03-25 21:38:40,988 - MainThread - DEBUG - wrapper:49 - Exiting update_resource_info successfully
2026-03-25 21:38:41,988 - MainThread - DEBUG - wrapper:46 - Entering update_resource_info
2026-03-25 21:38:42,004 - MainThread - DEBUG - wrapper:49 - Exiting update_resource_info successfully
2026-03-25 21:38:43,004 - MainThread - DEBUG - wrapper:46 - Entering update_resource_info
2026-03-25 21:38:43,021 - MainThread - DEBUG - wrapper:49 - Exiting update_resource_info successfully
2026-03-25 21:38:44,021 - MainThread - DEBUG - wrapper:46 - Entering update_resource_info
2026-03-25 21:38:44,036 - MainThread - DEBUG - wrapper:49 - Exiting update_resource_info successfully
2026-03-25 21:38:45,037 - MainThread - DEBUG - wrapper:46 - Entering update_resource_info
2026-03-25 21:38:45,052 - MainThread - DEBUG - wrapper:49 - Exiting update_resource_info successfully
2026-03-25 21:38:46,053 - MainThread - DEBUG - wrapper:46 - Entering update_resource_info
2026-03-25 21:38:46,072 - MainThread - DEBUG - wrapper:49 - Exiting update_resource_info successfully
2026-03-25 21:38:47,072 - MainThread - DEBUG - wrapper:46 - Entering update_resource_info
2026-03-25 21:38:47,092 - MainThread - DEBUG - wrapper:49 - Exiting update_resource_info successfully
2026-03-25 21:38:48,092 - MainThread - DEBUG - wrapper:46 - Entering update_resource_info
2026-03-25 21:38:48,111 - MainThread - DEBUG - wrapper:49 - Exiting update_resource_info successfully
2026-03-25 21:38:49,111 - MainThread - DEBUG - wrapper:46 - Entering update_resource_info
2026-03-25 21:38:49,130 - MainThread - DEBUG - wrapper:49 - Exiting update_resource_info successfully
2026-03-25 21:38:50,130 - MainThread - DEBUG - wrapper:46 - Entering update_resource_info
2026-03-25 21:38:50,150 - MainThread - DEBUG - wrapper:49 - Exiting update_resource_info successfully
2026-03-25 21:38:51,150 - MainThread - DEBUG - wrapper:46 - Entering update_resource_info
2026-03-25 21:38:55,153 - MainThread - DEBUG - wrapper:46 - Entering cleanup_and_exit
2026-03-25 21:38:55,154 - MainThread - INFO - cleanup_and_exit:1639 - Starting cleanup and exit
2026-03-25 21:38:55,154 - MainThread - INFO - cleanup_and_exit:1644 - Destroying main window
2026-03-25 21:38:55,177 - MainThread - INFO - destroy:141 - Destroying console tab for MF
2026-03-25 21:38:55,181 - MainThread - INFO - destroy:141 - Destroying console tab for merge_launch
2026-03-25 21:38:55,190 - MainThread - INFO - cleanup_and_exit:1646 - Exiting application
